{"/home/reasnovynt/Projects/Dev/anovise/docsgrep/src/bug-catcher.ts": {"path":"/home/reasnovynt/Projects/Dev/anovise/docsgrep/src/bug-catcher.ts","statementMap":{"0":{"start":{"line":42,"column":33},"end":{"line":72,"column":null}},"1":{"start":{"line":75,"column":34},"end":{"line":98,"column":null}},"2":{"start":{"line":101,"column":31},"end":{"line":130,"column":null}},"3":{"start":{"line":133,"column":29},"end":{"line":154,"column":null}},"4":{"start":{"line":157,"column":32},"end":{"line":187,"column":null}},"5":{"start":{"line":190,"column":31},"end":{"line":213,"column":null}},"6":{"start":{"line":217,"column":31},"end":{"line":217,"column":33}},"7":{"start":{"line":218,"column":18},"end":{"line":218,"column":37}},"8":{"start":{"line":221,"column":4},"end":{"line":237,"column":null}},"9":{"start":{"line":222,"column":6},"end":{"line":237,"column":null}},"10":{"start":{"line":224,"column":8},"end":{"line":224,"column":null}},"11":{"start":{"line":225,"column":8},"end":{"line":237,"column":null}},"12":{"start":{"line":226,"column":26},"end":{"line":226,"column":null}},"13":{"start":{"line":227,"column":10},"end":{"line":237,"column":null}},"14":{"start":{"line":243,"column":4},"end":{"line":259,"column":null}},"15":{"start":{"line":244,"column":6},"end":{"line":259,"column":null}},"16":{"start":{"line":246,"column":8},"end":{"line":246,"column":null}},"17":{"start":{"line":247,"column":8},"end":{"line":259,"column":null}},"18":{"start":{"line":248,"column":26},"end":{"line":248,"column":null}},"19":{"start":{"line":249,"column":10},"end":{"line":259,"column":null}},"20":{"start":{"line":265,"column":4},"end":{"line":284,"column":null}},"21":{"start":{"line":266,"column":6},"end":{"line":284,"column":null}},"22":{"start":{"line":268,"column":8},"end":{"line":268,"column":null}},"23":{"start":{"line":270,"column":8},"end":{"line":270,"column":null}},"24":{"start":{"line":270,"column":74},"end":{"line":270,"column":null}},"25":{"start":{"line":272,"column":8},"end":{"line":284,"column":null}},"26":{"start":{"line":273,"column":26},"end":{"line":273,"column":null}},"27":{"start":{"line":274,"column":10},"end":{"line":284,"column":null}},"28":{"start":{"line":290,"column":4},"end":{"line":306,"column":null}},"29":{"start":{"line":291,"column":6},"end":{"line":306,"column":null}},"30":{"start":{"line":293,"column":8},"end":{"line":293,"column":null}},"31":{"start":{"line":294,"column":24},"end":{"line":294,"column":52}},"32":{"start":{"line":295,"column":8},"end":{"line":306,"column":null}},"33":{"start":{"line":296,"column":10},"end":{"line":305,"column":null}},"34":{"start":{"line":306,"column":10},"end":{"line":306,"column":null}},"35":{"start":{"line":312,"column":4},"end":{"line":328,"column":null}},"36":{"start":{"line":313,"column":6},"end":{"line":328,"column":null}},"37":{"start":{"line":315,"column":8},"end":{"line":315,"column":null}},"38":{"start":{"line":316,"column":8},"end":{"line":328,"column":null}},"39":{"start":{"line":317,"column":26},"end":{"line":317,"column":null}},"40":{"start":{"line":318,"column":10},"end":{"line":328,"column":null}},"41":{"start":{"line":334,"column":4},"end":{"line":350,"column":null}},"42":{"start":{"line":335,"column":6},"end":{"line":350,"column":null}},"43":{"start":{"line":337,"column":8},"end":{"line":337,"column":null}},"44":{"start":{"line":338,"column":8},"end":{"line":350,"column":null}},"45":{"start":{"line":339,"column":26},"end":{"line":339,"column":null}},"46":{"start":{"line":340,"column":10},"end":{"line":350,"column":null}},"47":{"start":{"line":355,"column":4},"end":{"line":355,"column":null}},"48":{"start":{"line":359,"column":62},"end":{"line":365,"column":null}},"49":{"start":{"line":366,"column":4},"end":{"line":366,"column":null}},"50":{"start":{"line":370,"column":49},"end":{"line":375,"column":null}},"51":{"start":{"line":376,"column":4},"end":{"line":376,"column":null}},"52":{"start":{"line":380,"column":49},"end":{"line":384,"column":null}},"53":{"start":{"line":385,"column":4},"end":{"line":385,"column":null}},"54":{"start":{"line":389,"column":49},"end":{"line":394,"column":null}},"55":{"start":{"line":395,"column":4},"end":{"line":395,"column":null}},"56":{"start":{"line":399,"column":49},"end":{"line":403,"column":null}},"57":{"start":{"line":404,"column":4},"end":{"line":404,"column":null}},"58":{"start":{"line":408,"column":49},"end":{"line":413,"column":null}},"59":{"start":{"line":414,"column":4},"end":{"line":414,"column":null}},"60":{"start":{"line":418,"column":4},"end":{"line":418,"column":null}},"61":{"start":{"line":418,"column":28},"end":{"line":418,"column":null}},"62":{"start":{"line":420,"column":16},"end":{"line":420,"column":null}},"63":{"start":{"line":421,"column":26},"end":{"line":421,"column":null}},"64":{"start":{"line":424,"column":4},"end":{"line":424,"column":null}},"65":{"start":{"line":424,"column":41},"end":{"line":424,"column":67}},"66":{"start":{"line":425,"column":4},"end":{"line":425,"column":null}},"67":{"start":{"line":425,"column":41},"end":{"line":425,"column":63}},"68":{"start":{"line":426,"column":4},"end":{"line":426,"column":null}},"69":{"start":{"line":426,"column":41},"end":{"line":426,"column":65}},"70":{"start":{"line":427,"column":4},"end":{"line":427,"column":null}},"71":{"start":{"line":427,"column":41},"end":{"line":427,"column":62}},"72":{"start":{"line":428,"column":4},"end":{"line":428,"column":null}},"73":{"start":{"line":430,"column":4},"end":{"line":430,"column":null}},"74":{"start":{"line":434,"column":4},"end":{"line":434,"column":null}},"75":{"start":{"line":434,"column":21},"end":{"line":434,"column":null}},"76":{"start":{"line":435,"column":4},"end":{"line":435,"column":null}},"77":{"start":{"line":435,"column":21},"end":{"line":435,"column":null}},"78":{"start":{"line":436,"column":4},"end":{"line":436,"column":null}},"79":{"start":{"line":436,"column":21},"end":{"line":436,"column":null}},"80":{"start":{"line":437,"column":4},"end":{"line":437,"column":null}},"81":{"start":{"line":443,"column":19},"end":{"line":443,"column":36}},"82":{"start":{"line":444,"column":15},"end":{"line":444,"column":null}},"83":{"start":{"line":445,"column":13},"end":{"line":445,"column":null}},"84":{"start":{"line":446,"column":19},"end":{"line":446,"column":null}},"85":{"start":{"line":448,"column":28},"end":{"line":462,"column":null}},"86":{"start":{"line":465,"column":19},"end":{"line":467,"column":71}},"87":{"start":{"line":469,"column":16},"end":{"line":486,"column":4}},"88":{"start":{"line":488,"column":32},"end":{"line":488,"column":34}},"89":{"start":{"line":490,"column":2},"end":{"line":499,"column":null}},"90":{"start":{"line":491,"column":21},"end":{"line":491,"column":45}},"91":{"start":{"line":492,"column":4},"end":{"line":499,"column":null}},"92":{"start":{"line":493,"column":19},"end":{"line":493,"column":42}},"93":{"start":{"line":494,"column":6},"end":{"line":494,"column":null}},"94":{"start":{"line":494,"column":48},"end":{"line":494,"column":null}},"95":{"start":{"line":496,"column":22},"end":{"line":496,"column":58}},"96":{"start":{"line":497,"column":21},"end":{"line":497,"column":55}},"97":{"start":{"line":498,"column":6},"end":{"line":498,"column":null}},"98":{"start":{"line":505,"column":2},"end":{"line":505,"column":null}},"99":{"start":{"line":506,"column":2},"end":{"line":506,"column":null}},"100":{"start":{"line":507,"column":2},"end":{"line":507,"column":null}},"101":{"start":{"line":507,"column":50},"end":{"line":507,"column":76}},"102":{"start":{"line":508,"column":2},"end":{"line":508,"column":null}},"103":{"start":{"line":508,"column":46},"end":{"line":508,"column":68}},"104":{"start":{"line":509,"column":2},"end":{"line":509,"column":null}},"105":{"start":{"line":509,"column":48},"end":{"line":509,"column":72}},"106":{"start":{"line":510,"column":2},"end":{"line":510,"column":null}},"107":{"start":{"line":510,"column":45},"end":{"line":510,"column":66}},"108":{"start":{"line":511,"column":2},"end":{"line":511,"column":null}},"109":{"start":{"line":512,"column":2},"end":{"line":512,"column":null}},"110":{"start":{"line":515,"column":24},"end":{"line":515,"column":null}},"111":{"start":{"line":516,"column":2},"end":{"line":523,"column":null}},"112":{"start":{"line":517,"column":22},"end":{"line":517,"column":63}},"113":{"start":{"line":517,"column":44},"end":{"line":517,"column":63}},"114":{"start":{"line":518,"column":4},"end":{"line":523,"column":null}},"115":{"start":{"line":522,"column":69},"end":{"line":522,"column":95}},"116":{"start":{"line":527,"column":2},"end":{"line":528,"column":null}},"117":{"start":{"line":528,"column":4},"end":{"line":528,"column":null}},"118":{"start":{"line":530,"column":2},"end":{"line":531,"column":null}},"119":{"start":{"line":531,"column":4},"end":{"line":531,"column":null}},"120":{"start":{"line":533,"column":2},"end":{"line":534,"column":null}},"121":{"start":{"line":533,"column":26},"end":{"line":533,"column":58}},"122":{"start":{"line":534,"column":4},"end":{"line":534,"column":null}},"123":{"start":{"line":536,"column":2},"end":{"line":537,"column":null}},"124":{"start":{"line":536,"column":26},"end":{"line":536,"column":55}},"125":{"start":{"line":537,"column":4},"end":{"line":537,"column":null}},"126":{"start":{"line":539,"column":2},"end":{"line":540,"column":null}},"127":{"start":{"line":539,"column":26},"end":{"line":539,"column":55}},"128":{"start":{"line":540,"column":4},"end":{"line":540,"column":null}},"129":{"start":{"line":542,"column":2},"end":{"line":543,"column":null}},"130":{"start":{"line":542,"column":26},"end":{"line":542,"column":63}},"131":{"start":{"line":543,"column":4},"end":{"line":543,"column":null}},"132":{"start":{"line":545,"column":2},"end":{"line":546,"column":null}},"133":{"start":{"line":546,"column":4},"end":{"line":546,"column":null}},"134":{"start":{"line":549,"column":2},"end":{"line":549,"column":null}}},"fnMap":{"0":{"name":"(anonymous_0)","decl":{"start":{"line":216,"column":2},"end":{"line":216,"column":13}},"loc":{"start":{"line":216,"column":60},"end":{"line":355,"column":null}},"line":216},"1":{"name":"(anonymous_1)","decl":{"start":{"line":358,"column":2},"end":{"line":358,"column":10}},"loc":{"start":{"line":358,"column":69},"end":{"line":366,"column":null}},"line":358},"2":{"name":"(anonymous_2)","decl":{"start":{"line":369,"column":2},"end":{"line":369,"column":10}},"loc":{"start":{"line":369,"column":61},"end":{"line":376,"column":null}},"line":369},"3":{"name":"(anonymous_3)","decl":{"start":{"line":379,"column":2},"end":{"line":379,"column":10}},"loc":{"start":{"line":379,"column":58},"end":{"line":385,"column":null}},"line":379},"4":{"name":"(anonymous_4)","decl":{"start":{"line":388,"column":2},"end":{"line":388,"column":10}},"loc":{"start":{"line":388,"column":60},"end":{"line":395,"column":null}},"line":388},"5":{"name":"(anonymous_5)","decl":{"start":{"line":398,"column":2},"end":{"line":398,"column":10}},"loc":{"start":{"line":398,"column":62},"end":{"line":404,"column":null}},"line":398},"6":{"name":"(anonymous_6)","decl":{"start":{"line":407,"column":2},"end":{"line":407,"column":10}},"loc":{"start":{"line":407,"column":65},"end":{"line":414,"column":null}},"line":407},"7":{"name":"(anonymous_7)","decl":{"start":{"line":417,"column":2},"end":{"line":417,"column":20}},"loc":{"start":{"line":417,"column":70},"end":{"line":430,"column":null}},"line":417},"8":{"name":"(anonymous_8)","decl":{"start":{"line":424,"column":29},"end":{"line":424,"column":36}},"loc":{"start":{"line":424,"column":41},"end":{"line":424,"column":67}},"line":424},"9":{"name":"(anonymous_9)","decl":{"start":{"line":425,"column":29},"end":{"line":425,"column":36}},"loc":{"start":{"line":425,"column":41},"end":{"line":425,"column":63}},"line":425},"10":{"name":"(anonymous_10)","decl":{"start":{"line":426,"column":29},"end":{"line":426,"column":36}},"loc":{"start":{"line":426,"column":41},"end":{"line":426,"column":65}},"line":426},"11":{"name":"(anonymous_11)","decl":{"start":{"line":427,"column":29},"end":{"line":427,"column":36}},"loc":{"start":{"line":427,"column":41},"end":{"line":427,"column":62}},"line":427},"12":{"name":"(anonymous_12)","decl":{"start":{"line":433,"column":2},"end":{"line":433,"column":15}},"loc":{"start":{"line":433,"column":65},"end":{"line":437,"column":null}},"line":433},"13":{"name":"catchBugs","decl":{"start":{"line":442,"column":22},"end":{"line":442,"column":32}},"loc":{"start":{"line":442,"column":94},"end":{"line":549,"column":null}},"line":442},"14":{"name":"(anonymous_14)","decl":{"start":{"line":507,"column":38},"end":{"line":507,"column":45}},"loc":{"start":{"line":507,"column":50},"end":{"line":507,"column":76}},"line":507},"15":{"name":"(anonymous_15)","decl":{"start":{"line":508,"column":34},"end":{"line":508,"column":41}},"loc":{"start":{"line":508,"column":46},"end":{"line":508,"column":68}},"line":508},"16":{"name":"(anonymous_16)","decl":{"start":{"line":509,"column":36},"end":{"line":509,"column":43}},"loc":{"start":{"line":509,"column":48},"end":{"line":509,"column":72}},"line":509},"17":{"name":"(anonymous_17)","decl":{"start":{"line":510,"column":33},"end":{"line":510,"column":40}},"loc":{"start":{"line":510,"column":45},"end":{"line":510,"column":66}},"line":510},"18":{"name":"(anonymous_18)","decl":{"start":{"line":517,"column":32},"end":{"line":517,"column":39}},"loc":{"start":{"line":517,"column":44},"end":{"line":517,"column":63}},"line":517},"19":{"name":"(anonymous_19)","decl":{"start":{"line":522,"column":59},"end":{"line":522,"column":64}},"loc":{"start":{"line":522,"column":69},"end":{"line":522,"column":95}},"line":522},"20":{"name":"(anonymous_20)","decl":{"start":{"line":533,"column":16},"end":{"line":533,"column":21}},"loc":{"start":{"line":533,"column":26},"end":{"line":533,"column":58}},"line":533},"21":{"name":"(anonymous_21)","decl":{"start":{"line":536,"column":16},"end":{"line":536,"column":21}},"loc":{"start":{"line":536,"column":26},"end":{"line":536,"column":55}},"line":536},"22":{"name":"(anonymous_22)","decl":{"start":{"line":539,"column":16},"end":{"line":539,"column":21}},"loc":{"start":{"line":539,"column":26},"end":{"line":539,"column":55}},"line":539},"23":{"name":"(anonymous_23)","decl":{"start":{"line":542,"column":16},"end":{"line":542,"column":21}},"loc":{"start":{"line":542,"column":26},"end":{"line":542,"column":63}},"line":542}},"branchMap":{"0":{"loc":{"start":{"line":270,"column":8},"end":{"line":270,"column":null}},"type":"if","locations":[{"start":{"line":270,"column":8},"end":{"line":270,"column":null}},{"start":{},"end":{}}],"line":270},"1":{"loc":{"start":{"line":270,"column":12},"end":{"line":270,"column":72}},"type":"binary-expr","locations":[{"start":{"line":270,"column":12},"end":{"line":270,"column":40}},{"start":{"line":270,"column":44},"end":{"line":270,"column":72}}],"line":270},"2":{"loc":{"start":{"line":294,"column":24},"end":{"line":294,"column":52}},"type":"binary-expr","locations":[{"start":{"line":294,"column":24},"end":{"line":294,"column":46}},{"start":{"line":294,"column":50},"end":{"line":294,"column":52}}],"line":294},"3":{"loc":{"start":{"line":295,"column":8},"end":{"line":306,"column":null}},"type":"if","locations":[{"start":{"line":295,"column":8},"end":{"line":306,"column":null}},{"start":{},"end":{}}],"line":295},"4":{"loc":{"start":{"line":366,"column":11},"end":{"line":366,"column":null}},"type":"binary-expr","locations":[{"start":{"line":366,"column":11},"end":{"line":366,"column":32}},{"start":{"line":366,"column":32},"end":{"line":366,"column":null}}],"line":366},"5":{"loc":{"start":{"line":376,"column":11},"end":{"line":376,"column":null}},"type":"binary-expr","locations":[{"start":{"line":376,"column":11},"end":{"line":376,"column":37}},{"start":{"line":376,"column":37},"end":{"line":376,"column":null}}],"line":376},"6":{"loc":{"start":{"line":385,"column":11},"end":{"line":385,"column":null}},"type":"binary-expr","locations":[{"start":{"line":385,"column":11},"end":{"line":385,"column":37}},{"start":{"line":385,"column":37},"end":{"line":385,"column":null}}],"line":385},"7":{"loc":{"start":{"line":395,"column":11},"end":{"line":395,"column":null}},"type":"binary-expr","locations":[{"start":{"line":395,"column":11},"end":{"line":395,"column":37}},{"start":{"line":395,"column":37},"end":{"line":395,"column":null}}],"line":395},"8":{"loc":{"start":{"line":404,"column":11},"end":{"line":404,"column":null}},"type":"binary-expr","locations":[{"start":{"line":404,"column":11},"end":{"line":404,"column":37}},{"start":{"line":404,"column":37},"end":{"line":404,"column":null}}],"line":404},"9":{"loc":{"start":{"line":414,"column":11},"end":{"line":414,"column":null}},"type":"binary-expr","locations":[{"start":{"line":414,"column":11},"end":{"line":414,"column":37}},{"start":{"line":414,"column":37},"end":{"line":414,"column":null}}],"line":414},"10":{"loc":{"start":{"line":418,"column":4},"end":{"line":418,"column":null}},"type":"if","locations":[{"start":{"line":418,"column":4},"end":{"line":418,"column":null}},{"start":{},"end":{}}],"line":418},"11":{"loc":{"start":{"line":434,"column":4},"end":{"line":434,"column":null}},"type":"if","locations":[{"start":{"line":434,"column":4},"end":{"line":434,"column":null}},{"start":{},"end":{}}],"line":434},"12":{"loc":{"start":{"line":435,"column":4},"end":{"line":435,"column":null}},"type":"if","locations":[{"start":{"line":435,"column":4},"end":{"line":435,"column":null}},{"start":{},"end":{}}],"line":435},"13":{"loc":{"start":{"line":436,"column":4},"end":{"line":436,"column":null}},"type":"if","locations":[{"start":{"line":436,"column":4},"end":{"line":436,"column":null}},{"start":{},"end":{}}],"line":436},"14":{"loc":{"start":{"line":465,"column":19},"end":{"line":467,"column":71}},"type":"cond-expr","locations":[{"start":{"line":466,"column":6},"end":{"line":466,"column":null}},{"start":{"line":467,"column":6},"end":{"line":467,"column":71}}],"line":465},"15":{"loc":{"start":{"line":494,"column":6},"end":{"line":494,"column":null}},"type":"if","locations":[{"start":{"line":494,"column":6},"end":{"line":494,"column":null}},{"start":{},"end":{}}],"line":494},"16":{"loc":{"start":{"line":494,"column":10},"end":{"line":494,"column":48}},"type":"binary-expr","locations":[{"start":{"line":494,"column":10},"end":{"line":494,"column":24}},{"start":{"line":494,"column":28},"end":{"line":494,"column":48}}],"line":494},"17":{"loc":{"start":{"line":522,"column":14},"end":{"line":522,"column":null}},"type":"cond-expr","locations":[{"start":{"line":522,"column":39},"end":{"line":522,"column":49}},{"start":{"line":522,"column":49},"end":{"line":522,"column":null}}],"line":522},"18":{"loc":{"start":{"line":522,"column":49},"end":{"line":522,"column":null}},"type":"cond-expr","locations":[{"start":{"line":522,"column":98},"end":{"line":522,"column":107}},{"start":{"line":522,"column":107},"end":{"line":522,"column":null}}],"line":522},"19":{"loc":{"start":{"line":527,"column":2},"end":{"line":528,"column":null}},"type":"if","locations":[{"start":{"line":527,"column":2},"end":{"line":528,"column":null}},{"start":{},"end":{}}],"line":527},"20":{"loc":{"start":{"line":530,"column":2},"end":{"line":531,"column":null}},"type":"if","locations":[{"start":{"line":530,"column":2},"end":{"line":531,"column":null}},{"start":{},"end":{}}],"line":530},"21":{"loc":{"start":{"line":533,"column":2},"end":{"line":534,"column":null}},"type":"if","locations":[{"start":{"line":533,"column":2},"end":{"line":534,"column":null}},{"start":{},"end":{}}],"line":533},"22":{"loc":{"start":{"line":536,"column":2},"end":{"line":537,"column":null}},"type":"if","locations":[{"start":{"line":536,"column":2},"end":{"line":537,"column":null}},{"start":{},"end":{}}],"line":536},"23":{"loc":{"start":{"line":539,"column":2},"end":{"line":540,"column":null}},"type":"if","locations":[{"start":{"line":539,"column":2},"end":{"line":540,"column":null}},{"start":{},"end":{}}],"line":539},"24":{"loc":{"start":{"line":542,"column":2},"end":{"line":543,"column":null}},"type":"if","locations":[{"start":{"line":542,"column":2},"end":{"line":543,"column":null}},{"start":{},"end":{}}],"line":542},"25":{"loc":{"start":{"line":545,"column":2},"end":{"line":546,"column":null}},"type":"if","locations":[{"start":{"line":545,"column":2},"end":{"line":546,"column":null}},{"start":{},"end":{}}],"line":545}},"s":{"0":26,"1":26,"2":26,"3":26,"4":26,"5":26,"6":19,"7":19,"8":19,"9":76,"10":171,"11":171,"12":69,"13":69,"14":19,"15":57,"16":133,"17":133,"18":4,"19":4,"20":19,"21":76,"22":152,"23":152,"24":0,"25":152,"26":2,"27":2,"28":19,"29":57,"30":94,"31":94,"32":94,"33":2,"34":2,"35":19,"36":76,"37":171,"38":171,"39":6,"40":6,"41":19,"42":57,"43":133,"44":133,"45":57,"46":57,"47":19,"48":83,"49":83,"50":69,"51":69,"52":4,"53":4,"54":2,"55":2,"56":2,"57":2,"58":6,"59":6,"60":2,"61":1,"62":1,"63":1,"64":1,"65":3,"66":1,"67":3,"68":1,"69":3,"70":1,"71":3,"72":1,"73":1,"74":4,"75":1,"76":3,"77":1,"78":2,"79":2,"80":1,"81":0,"82":0,"83":0,"84":0,"85":0,"86":0,"87":0,"88":0,"89":0,"90":0,"91":0,"92":0,"93":0,"94":0,"95":0,"96":0,"97":0,"98":0,"99":0,"100":0,"101":0,"102":0,"103":0,"104":0,"105":0,"106":0,"107":0,"108":0,"109":0,"110":0,"111":0,"112":0,"113":0,"114":0,"115":0,"116":0,"117":0,"118":0,"119":0,"120":0,"121":0,"122":0,"123":0,"124":0,"125":0,"126":0,"127":0,"128":0,"129":0,"130":0,"131":0,"132":0,"133":0,"134":0},"f":{"0":19,"1":83,"2":69,"3":4,"4":2,"5":2,"6":6,"7":2,"8":3,"9":3,"10":3,"11":3,"12":4,"13":0,"14":0,"15":0,"16":0,"17":0,"18":0,"19":0,"20":0,"21":0,"22":0,"23":0},"b":{"0":[0,152],"1":[152,152],"2":[94,91],"3":[2,92],"4":[83,0],"5":[69,0],"6":[4,0],"7":[2,0],"8":[2,0],"9":[6,0],"10":[1,1],"11":[1,3],"12":[1,2],"13":[1,1],"14":[0,0],"15":[0,0],"16":[0,0],"17":[0,0],"18":[0,0],"19":[0,0],"20":[0,0],"21":[0,0],"22":[0,0],"23":[0,0],"24":[0,0],"25":[0,0]},"meta":{"lastBranch":26,"lastFunction":24,"lastStatement":135,"seen":{"s:42:33:72:Infinity":0,"s:75:34:98:Infinity":1,"s:101:31:130:Infinity":2,"s:133:29:154:Infinity":3,"s:157:32:187:Infinity":4,"s:190:31:213:Infinity":5,"f:216:2:216:13":0,"s:217:31:217:33":6,"s:218:18:218:37":7,"s:221:4:237:Infinity":8,"s:222:6:237:Infinity":9,"s:224:8:224:Infinity":10,"s:225:8:237:Infinity":11,"s:226:26:226:Infinity":12,"s:227:10:237:Infinity":13,"s:243:4:259:Infinity":14,"s:244:6:259:Infinity":15,"s:246:8:246:Infinity":16,"s:247:8:259:Infinity":17,"s:248:26:248:Infinity":18,"s:249:10:259:Infinity":19,"s:265:4:284:Infinity":20,"s:266:6:284:Infinity":21,"s:268:8:268:Infinity":22,"b:270:8:270:Infinity:undefined:undefined:undefined:undefined":0,"s:270:8:270:Infinity":23,"b:270:12:270:40:270:44:270:72":1,"s:270:74:270:Infinity":24,"s:272:8:284:Infinity":25,"s:273:26:273:Infinity":26,"s:274:10:284:Infinity":27,"s:290:4:306:Infinity":28,"s:291:6:306:Infinity":29,"s:293:8:293:Infinity":30,"s:294:24:294:52":31,"b:294:24:294:46:294:50:294:52":2,"b:295:8:306:Infinity:undefined:undefined:undefined:undefined":3,"s:295:8:306:Infinity":32,"s:296:10:305:Infinity":33,"s:306:10:306:Infinity":34,"s:312:4:328:Infinity":35,"s:313:6:328:Infinity":36,"s:315:8:315:Infinity":37,"s:316:8:328:Infinity":38,"s:317:26:317:Infinity":39,"s:318:10:328:Infinity":40,"s:334:4:350:Infinity":41,"s:335:6:350:Infinity":42,"s:337:8:337:Infinity":43,"s:338:8:350:Infinity":44,"s:339:26:339:Infinity":45,"s:340:10:350:Infinity":46,"s:355:4:355:Infinity":47,"f:358:2:358:10":1,"s:359:62:365:Infinity":48,"s:366:4:366:Infinity":49,"b:366:11:366:32:366:32:366:Infinity":4,"f:369:2:369:10":2,"s:370:49:375:Infinity":50,"s:376:4:376:Infinity":51,"b:376:11:376:37:376:37:376:Infinity":5,"f:379:2:379:10":3,"s:380:49:384:Infinity":52,"s:385:4:385:Infinity":53,"b:385:11:385:37:385:37:385:Infinity":6,"f:388:2:388:10":4,"s:389:49:394:Infinity":54,"s:395:4:395:Infinity":55,"b:395:11:395:37:395:37:395:Infinity":7,"f:398:2:398:10":5,"s:399:49:403:Infinity":56,"s:404:4:404:Infinity":57,"b:404:11:404:37:404:37:404:Infinity":8,"f:407:2:407:10":6,"s:408:49:413:Infinity":58,"s:414:4:414:Infinity":59,"b:414:11:414:37:414:37:414:Infinity":9,"f:417:2:417:20":7,"b:418:4:418:Infinity:undefined:undefined:undefined:undefined":10,"s:418:4:418:Infinity":60,"s:418:28:418:Infinity":61,"s:420:16:420:Infinity":62,"s:421:26:421:Infinity":63,"s:424:4:424:Infinity":64,"f:424:29:424:36":8,"s:424:41:424:67":65,"s:425:4:425:Infinity":66,"f:425:29:425:36":9,"s:425:41:425:63":67,"s:426:4:426:Infinity":68,"f:426:29:426:36":10,"s:426:41:426:65":69,"s:427:4:427:Infinity":70,"f:427:29:427:36":11,"s:427:41:427:62":71,"s:428:4:428:Infinity":72,"s:430:4:430:Infinity":73,"f:433:2:433:15":12,"b:434:4:434:Infinity:undefined:undefined:undefined:undefined":11,"s:434:4:434:Infinity":74,"s:434:21:434:Infinity":75,"b:435:4:435:Infinity:undefined:undefined:undefined:undefined":12,"s:435:4:435:Infinity":76,"s:435:21:435:Infinity":77,"b:436:4:436:Infinity:undefined:undefined:undefined:undefined":13,"s:436:4:436:Infinity":78,"s:436:21:436:Infinity":79,"s:437:4:437:Infinity":80,"f:442:22:442:32":13,"s:443:19:443:36":81,"s:444:15:444:Infinity":82,"s:445:13:445:Infinity":83,"s:446:19:446:Infinity":84,"s:448:28:462:Infinity":85,"s:465:19:467:71":86,"b:466:6:466:Infinity:467:6:467:71":14,"s:469:16:486:4":87,"s:488:32:488:34":88,"s:490:2:499:Infinity":89,"s:491:21:491:45":90,"s:492:4:499:Infinity":91,"s:493:19:493:42":92,"b:494:6:494:Infinity:undefined:undefined:undefined:undefined":15,"s:494:6:494:Infinity":93,"b:494:10:494:24:494:28:494:48":16,"s:494:48:494:Infinity":94,"s:496:22:496:58":95,"s:497:21:497:55":96,"s:498:6:498:Infinity":97,"s:505:2:505:Infinity":98,"s:506:2:506:Infinity":99,"s:507:2:507:Infinity":100,"f:507:38:507:45":14,"s:507:50:507:76":101,"s:508:2:508:Infinity":102,"f:508:34:508:41":15,"s:508:46:508:68":103,"s:509:2:509:Infinity":104,"f:509:36:509:43":16,"s:509:48:509:72":105,"s:510:2:510:Infinity":106,"f:510:33:510:40":17,"s:510:45:510:66":107,"s:511:2:511:Infinity":108,"s:512:2:512:Infinity":109,"s:515:24:515:Infinity":110,"s:516:2:523:Infinity":111,"s:517:22:517:63":112,"f:517:32:517:39":18,"s:517:44:517:63":113,"s:518:4:523:Infinity":114,"b:522:39:522:49:522:49:522:Infinity":17,"b:522:98:522:107:522:107:522:Infinity":18,"f:522:59:522:64":19,"s:522:69:522:95":115,"b:527:2:528:Infinity:undefined:undefined:undefined:undefined":19,"s:527:2:528:Infinity":116,"s:528:4:528:Infinity":117,"b:530:2:531:Infinity:undefined:undefined:undefined:undefined":20,"s:530:2:531:Infinity":118,"s:531:4:531:Infinity":119,"b:533:2:534:Infinity:undefined:undefined:undefined:undefined":21,"s:533:2:534:Infinity":120,"f:533:16:533:21":20,"s:533:26:533:58":121,"s:534:4:534:Infinity":122,"b:536:2:537:Infinity:undefined:undefined:undefined:undefined":22,"s:536:2:537:Infinity":123,"f:536:16:536:21":21,"s:536:26:536:55":124,"s:537:4:537:Infinity":125,"b:539:2:540:Infinity:undefined:undefined:undefined:undefined":23,"s:539:2:540:Infinity":126,"f:539:16:539:21":22,"s:539:26:539:55":127,"s:540:4:540:Infinity":128,"b:542:2:543:Infinity:undefined:undefined:undefined:undefined":24,"s:542:2:543:Infinity":129,"f:542:16:542:21":23,"s:542:26:542:63":130,"s:543:4:543:Infinity":131,"b:545:2:546:Infinity:undefined:undefined:undefined:undefined":25,"s:545:2:546:Infinity":132,"s:546:4:546:Infinity":133,"s:549:2:549:Infinity":134}}}
,"/home/reasnovynt/Projects/Dev/anovise/docsgrep/src/tools/documentation.ts": {"path":"/home/reasnovynt/Projects/Dev/anovise/docsgrep/src/tools/documentation.ts","statementMap":{"0":{"start":{"line":15,"column":21},"end":{"line":19,"column":4}},"1":{"start":{"line":21,"column":22},"end":{"line":21,"column":53}},"2":{"start":{"line":22,"column":2},"end":{"line":22,"column":null}},"3":{"start":{"line":22,"column":35},"end":{"line":22,"column":59}},"4":{"start":{"line":27,"column":18},"end":{"line":27,"column":29}},"5":{"start":{"line":28,"column":2},"end":{"line":28,"column":null}},"6":{"start":{"line":28,"column":27},"end":{"line":28,"column":null}},"7":{"start":{"line":29,"column":2},"end":{"line":29,"column":null}},"8":{"start":{"line":29,"column":29},"end":{"line":29,"column":null}},"9":{"start":{"line":30,"column":2},"end":{"line":30,"column":null}},"10":{"start":{"line":35,"column":23},"end":{"line":35,"column":55}},"11":{"start":{"line":36,"column":19},"end":{"line":36,"column":56}},"12":{"start":{"line":37,"column":2},"end":{"line":37,"column":null}},"13":{"start":{"line":37,"column":31},"end":{"line":37,"column":null}},"14":{"start":{"line":38,"column":2},"end":{"line":38,"column":null}},"15":{"start":{"line":38,"column":40},"end":{"line":38,"column":null}},"16":{"start":{"line":39,"column":2},"end":{"line":39,"column":null}},"17":{"start":{"line":44,"column":2},"end":{"line":48,"column":null}},"18":{"start":{"line":45,"column":30},"end":{"line":45,"column":76}},"19":{"start":{"line":46,"column":4},"end":{"line":46,"column":null}},"20":{"start":{"line":48,"column":4},"end":{"line":48,"column":null}},"21":{"start":{"line":53,"column":31},"end":{"line":53,"column":null}},"22":{"start":{"line":55,"column":2},"end":{"line":82,"column":null}},"23":{"start":{"line":56,"column":10},"end":{"line":56,"column":76}},"24":{"start":{"line":57,"column":17},"end":{"line":57,"column":39}},"25":{"start":{"line":58,"column":4},"end":{"line":59,"column":null}},"26":{"start":{"line":59,"column":6},"end":{"line":59,"column":null}},"27":{"start":{"line":62,"column":18},"end":{"line":62,"column":46}},"28":{"start":{"line":63,"column":4},"end":{"line":77,"column":null}},"29":{"start":{"line":79,"column":4},"end":{"line":82,"column":null}},"30":{"start":{"line":87,"column":23},"end":{"line":87,"column":null}},"31":{"start":{"line":89,"column":2},"end":{"line":138,"column":null}},"32":{"start":{"line":90,"column":4},"end":{"line":91,"column":null}},"33":{"start":{"line":91,"column":6},"end":{"line":91,"column":null}},"34":{"start":{"line":93,"column":25},"end":{"line":93,"column":47}},"35":{"start":{"line":95,"column":17},"end":{"line":95,"column":44}},"36":{"start":{"line":96,"column":4},"end":{"line":97,"column":null}},"37":{"start":{"line":97,"column":6},"end":{"line":97,"column":null}},"38":{"start":{"line":101,"column":4},"end":{"line":116,"column":null}},"39":{"start":{"line":102,"column":6},"end":{"line":105,"column":null}},"40":{"start":{"line":106,"column":27},"end":{"line":106,"column":81}},"41":{"start":{"line":107,"column":6},"end":{"line":116,"column":null}},"42":{"start":{"line":120,"column":19},"end":{"line":120,"column":50}},"43":{"start":{"line":121,"column":4},"end":{"line":122,"column":null}},"44":{"start":{"line":122,"column":6},"end":{"line":122,"column":null}},"45":{"start":{"line":125,"column":20},"end":{"line":125,"column":44}},"46":{"start":{"line":126,"column":4},"end":{"line":133,"column":null}},"47":{"start":{"line":135,"column":4},"end":{"line":138,"column":null}},"48":{"start":{"line":143,"column":53},"end":{"line":143,"column":null}},"49":{"start":{"line":145,"column":2},"end":{"line":237,"column":null}},"50":{"start":{"line":146,"column":10},"end":{"line":146,"column":76}},"51":{"start":{"line":147,"column":10},"end":{"line":147,"column":68}},"52":{"start":{"line":151,"column":4},"end":{"line":154,"column":null}},"53":{"start":{"line":152,"column":6},"end":{"line":152,"column":null}},"54":{"start":{"line":154,"column":6},"end":{"line":154,"column":null}},"55":{"start":{"line":157,"column":20},"end":{"line":157,"column":52}},"56":{"start":{"line":158,"column":4},"end":{"line":231,"column":null}},"57":{"start":{"line":159,"column":19},"end":{"line":159,"column":47}},"58":{"start":{"line":166,"column":11},"end":{"line":166,"column":13}},"59":{"start":{"line":168,"column":6},"end":{"line":202,"column":null}},"60":{"start":{"line":169,"column":8},"end":{"line":174,"column":null}},"61":{"start":{"line":170,"column":10},"end":{"line":174,"column":null}},"62":{"start":{"line":171,"column":37},"end":{"line":171,"column":73}},"63":{"start":{"line":172,"column":12},"end":{"line":172,"column":null}},"64":{"start":{"line":172,"column":46},"end":{"line":172,"column":null}},"65":{"start":{"line":174,"column":12},"end":{"line":174,"column":null}},"66":{"start":{"line":178,"column":8},"end":{"line":202,"column":null}},"67":{"start":{"line":179,"column":26},"end":{"line":179,"column":58}},"68":{"start":{"line":180,"column":24},"end":{"line":180,"column":43}},"69":{"start":{"line":182,"column":10},"end":{"line":200,"column":null}},"70":{"start":{"line":182,"column":23},"end":{"line":182,"column":26}},"71":{"start":{"line":183,"column":29},"end":{"line":183,"column":null}},"72":{"start":{"line":184,"column":12},"end":{"line":198,"column":null}},"73":{"start":{"line":185,"column":36},"end":{"line":185,"column":62}},"74":{"start":{"line":186,"column":32},"end":{"line":186,"column":69}},"75":{"start":{"line":187,"column":37},"end":{"line":189,"column":null}},"76":{"start":{"line":191,"column":33},"end":{"line":191,"column":null}},"77":{"start":{"line":193,"column":14},"end":{"line":198,"column":null}},"78":{"start":{"line":200,"column":12},"end":{"line":200,"column":null}},"79":{"start":{"line":208,"column":6},"end":{"line":208,"column":null}},"80":{"start":{"line":208,"column":29},"end":{"line":208,"column":47}},"81":{"start":{"line":210,"column":6},"end":{"line":229,"column":null}},"82":{"start":{"line":217,"column":45},"end":{"line":222,"column":null}},"83":{"start":{"line":231,"column":6},"end":{"line":231,"column":null}},"84":{"start":{"line":234,"column":4},"end":{"line":237,"column":null}},"85":{"start":{"line":242,"column":44},"end":{"line":242,"column":null}},"86":{"start":{"line":244,"column":2},"end":{"line":334,"column":null}},"87":{"start":{"line":245,"column":10},"end":{"line":245,"column":76}},"88":{"start":{"line":246,"column":10},"end":{"line":246,"column":59}},"89":{"start":{"line":247,"column":25},"end":{"line":247,"column":null}},"90":{"start":{"line":249,"column":20},"end":{"line":249,"column":52}},"91":{"start":{"line":250,"column":4},"end":{"line":328,"column":null}},"92":{"start":{"line":251,"column":19},"end":{"line":251,"column":47}},"93":{"start":{"line":252,"column":25},"end":{"line":255,"column":44}},"94":{"start":{"line":255,"column":31},"end":{"line":255,"column":44}},"95":{"start":{"line":260,"column":11},"end":{"line":260,"column":13}},"96":{"start":{"line":262,"column":6},"end":{"line":299,"column":null}},"97":{"start":{"line":263,"column":8},"end":{"line":299,"column":null}},"98":{"start":{"line":264,"column":26},"end":{"line":264,"column":58}},"99":{"start":{"line":265,"column":31},"end":{"line":265,"column":52}},"100":{"start":{"line":266,"column":24},"end":{"line":266,"column":43}},"101":{"start":{"line":268,"column":22},"end":{"line":268,"column":null}},"102":{"start":{"line":269,"column":31},"end":{"line":269,"column":48}},"103":{"start":{"line":271,"column":10},"end":{"line":278,"column":null}},"104":{"start":{"line":272,"column":12},"end":{"line":278,"column":null}},"105":{"start":{"line":273,"column":14},"end":{"line":273,"column":null}},"106":{"start":{"line":274,"column":14},"end":{"line":278,"column":null}},"107":{"start":{"line":275,"column":16},"end":{"line":276,"column":null}},"108":{"start":{"line":276,"column":18},"end":{"line":276,"column":null}},"109":{"start":{"line":282,"column":10},"end":{"line":286,"column":null}},"110":{"start":{"line":283,"column":12},"end":{"line":286,"column":null}},"111":{"start":{"line":284,"column":14},"end":{"line":286,"column":null}},"112":{"start":{"line":285,"column":16},"end":{"line":286,"column":null}},"113":{"start":{"line":286,"column":18},"end":{"line":286,"column":null}},"114":{"start":{"line":292,"column":10},"end":{"line":297,"column":null}},"115":{"start":{"line":293,"column":35},"end":{"line":293,"column":60}},"116":{"start":{"line":294,"column":28},"end":{"line":296,"column":null}},"117":{"start":{"line":297,"column":12},"end":{"line":297,"column":null}},"118":{"start":{"line":304,"column":6},"end":{"line":304,"column":null}},"119":{"start":{"line":304,"column":29},"end":{"line":304,"column":47}},"120":{"start":{"line":305,"column":25},"end":{"line":305,"column":55}},"121":{"start":{"line":307,"column":6},"end":{"line":326,"column":null}},"122":{"start":{"line":315,"column":48},"end":{"line":319,"column":null}},"123":{"start":{"line":328,"column":6},"end":{"line":328,"column":null}},"124":{"start":{"line":331,"column":4},"end":{"line":334,"column":null}},"125":{"start":{"line":339,"column":34},"end":{"line":339,"column":null}},"126":{"start":{"line":341,"column":2},"end":{"line":399,"column":null}},"127":{"start":{"line":342,"column":10},"end":{"line":342,"column":67}},"128":{"start":{"line":343,"column":25},"end":{"line":343,"column":52}},"129":{"start":{"line":344,"column":18},"end":{"line":344,"column":null}},"130":{"start":{"line":346,"column":17},"end":{"line":346,"column":44}},"131":{"start":{"line":347,"column":4},"end":{"line":347,"column":null}},"132":{"start":{"line":347,"column":24},"end":{"line":347,"column":null}},"133":{"start":{"line":349,"column":20},"end":{"line":349,"column":60}},"134":{"start":{"line":350,"column":18},"end":{"line":350,"column":37}},"135":{"start":{"line":352,"column":35},"end":{"line":352,"column":37}},"136":{"start":{"line":353,"column":20},"end":{"line":353,"column":null}},"137":{"start":{"line":355,"column":4},"end":{"line":372,"column":null}},"138":{"start":{"line":355,"column":17},"end":{"line":355,"column":20}},"139":{"start":{"line":356,"column":19},"end":{"line":356,"column":34}},"140":{"start":{"line":357,"column":6},"end":{"line":357,"column":null}},"141":{"start":{"line":357,"column":17},"end":{"line":357,"column":null}},"142":{"start":{"line":359,"column":6},"end":{"line":369,"column":null}},"143":{"start":{"line":360,"column":21},"end":{"line":360,"column":43}},"144":{"start":{"line":361,"column":8},"end":{"line":361,"column":null}},"145":{"start":{"line":362,"column":8},"end":{"line":362,"column":null}},"146":{"start":{"line":364,"column":8},"end":{"line":369,"column":null}},"147":{"start":{"line":367,"column":21},"end":{"line":367,"column":43}},"148":{"start":{"line":368,"column":8},"end":{"line":368,"column":null}},"149":{"start":{"line":369,"column":8},"end":{"line":369,"column":null}},"150":{"start":{"line":372,"column":6},"end":{"line":372,"column":null}},"151":{"start":{"line":372,"column":30},"end":{"line":372,"column":null}},"152":{"start":{"line":375,"column":20},"end":{"line":375,"column":63}},"153":{"start":{"line":377,"column":4},"end":{"line":394,"column":null}},"154":{"start":{"line":396,"column":4},"end":{"line":399,"column":null}},"155":{"start":{"line":404,"column":49},"end":{"line":404,"column":null}},"156":{"start":{"line":406,"column":2},"end":{"line":482,"column":null}},"157":{"start":{"line":407,"column":10},"end":{"line":407,"column":76}},"158":{"start":{"line":408,"column":10},"end":{"line":408,"column":59}},"159":{"start":{"line":409,"column":21},"end":{"line":409,"column":null}},"160":{"start":{"line":411,"column":20},"end":{"line":411,"column":52}},"161":{"start":{"line":412,"column":4},"end":{"line":476,"column":null}},"162":{"start":{"line":413,"column":19},"end":{"line":413,"column":47}},"163":{"start":{"line":414,"column":25},"end":{"line":417,"column":44}},"164":{"start":{"line":417,"column":31},"end":{"line":417,"column":44}},"165":{"start":{"line":422,"column":11},"end":{"line":422,"column":13}},"166":{"start":{"line":424,"column":6},"end":{"line":451,"column":null}},"167":{"start":{"line":425,"column":8},"end":{"line":451,"column":null}},"168":{"start":{"line":426,"column":26},"end":{"line":426,"column":58}},"169":{"start":{"line":427,"column":31},"end":{"line":427,"column":52}},"170":{"start":{"line":428,"column":31},"end":{"line":429,"column":null}},"171":{"start":{"line":429,"column":60},"end":{"line":429,"column":73}},"172":{"start":{"line":432,"column":27},"end":{"line":432,"column":null}},"173":{"start":{"line":433,"column":45},"end":{"line":433,"column":47}},"174":{"start":{"line":435,"column":10},"end":{"line":438,"column":null}},"175":{"start":{"line":436,"column":12},"end":{"line":438,"column":null}},"176":{"start":{"line":437,"column":14},"end":{"line":437,"column":null}},"177":{"start":{"line":438,"column":14},"end":{"line":438,"column":null}},"178":{"start":{"line":442,"column":24},"end":{"line":442,"column":null}},"179":{"start":{"line":444,"column":10},"end":{"line":449,"column":null}},"180":{"start":{"line":445,"column":12},"end":{"line":449,"column":null}},"181":{"start":{"line":456,"column":6},"end":{"line":456,"column":null}},"182":{"start":{"line":456,"column":29},"end":{"line":456,"column":67}},"183":{"start":{"line":458,"column":6},"end":{"line":474,"column":null}},"184":{"start":{"line":476,"column":6},"end":{"line":476,"column":null}},"185":{"start":{"line":479,"column":4},"end":{"line":482,"column":null}},"186":{"start":{"line":487,"column":60},"end":{"line":487,"column":null}},"187":{"start":{"line":489,"column":2},"end":{"line":551,"column":null}},"188":{"start":{"line":490,"column":10},"end":{"line":490,"column":76}},"189":{"start":{"line":491,"column":19},"end":{"line":491,"column":null}},"190":{"start":{"line":492,"column":22},"end":{"line":492,"column":null}},"191":{"start":{"line":494,"column":20},"end":{"line":494,"column":52}},"192":{"start":{"line":495,"column":4},"end":{"line":545,"column":null}},"193":{"start":{"line":496,"column":19},"end":{"line":496,"column":47}},"194":{"start":{"line":497,"column":18},"end":{"line":497,"column":28}},"195":{"start":{"line":498,"column":23},"end":{"line":498,"column":null}},"196":{"start":{"line":504,"column":11},"end":{"line":504,"column":13}},"197":{"start":{"line":506,"column":6},"end":{"line":520,"column":null}},"198":{"start":{"line":507,"column":8},"end":{"line":520,"column":null}},"199":{"start":{"line":508,"column":23},"end":{"line":508,"column":42}},"200":{"start":{"line":509,"column":24},"end":{"line":509,"column":null}},"201":{"start":{"line":510,"column":28},"end":{"line":510,"column":69}},"202":{"start":{"line":512,"column":10},"end":{"line":518,"column":null}},"203":{"start":{"line":513,"column":12},"end":{"line":518,"column":null}},"204":{"start":{"line":525,"column":6},"end":{"line":525,"column":null}},"205":{"start":{"line":525,"column":31},"end":{"line":525,"column":69}},"206":{"start":{"line":527,"column":6},"end":{"line":543,"column":null}},"207":{"start":{"line":545,"column":6},"end":{"line":545,"column":null}},"208":{"start":{"line":548,"column":4},"end":{"line":551,"column":null}},"209":{"start":{"line":556,"column":62},"end":{"line":556,"column":null}},"210":{"start":{"line":558,"column":2},"end":{"line":647,"column":null}},"211":{"start":{"line":559,"column":10},"end":{"line":559,"column":76}},"212":{"start":{"line":560,"column":10},"end":{"line":560,"column":81}},"213":{"start":{"line":561,"column":25},"end":{"line":561,"column":52}},"214":{"start":{"line":562,"column":18},"end":{"line":564,"column":null}},"215":{"start":{"line":566,"column":20},"end":{"line":566,"column":52}},"216":{"start":{"line":567,"column":4},"end":{"line":641,"column":null}},"217":{"start":{"line":568,"column":22},"end":{"line":568,"column":48}},"218":{"start":{"line":569,"column":30},"end":{"line":569,"column":61}},"219":{"start":{"line":571,"column":19},"end":{"line":571,"column":47}},"220":{"start":{"line":576,"column":11},"end":{"line":576,"column":13}},"221":{"start":{"line":578,"column":6},"end":{"line":620,"column":null}},"222":{"start":{"line":579,"column":28},"end":{"line":579,"column":55}},"223":{"start":{"line":580,"column":23},"end":{"line":580,"column":48}},"224":{"start":{"line":582,"column":24},"end":{"line":582,"column":null}},"225":{"start":{"line":583,"column":21},"end":{"line":583,"column":null}},"226":{"start":{"line":586,"column":28},"end":{"line":586,"column":60}},"227":{"start":{"line":587,"column":8},"end":{"line":612,"column":null}},"228":{"start":{"line":588,"column":10},"end":{"line":588,"column":null}},"229":{"start":{"line":589,"column":10},"end":{"line":589,"column":null}},"230":{"start":{"line":592,"column":17},"end":{"line":612,"column":null}},"231":{"start":{"line":593,"column":10},"end":{"line":593,"column":null}},"232":{"start":{"line":594,"column":10},"end":{"line":594,"column":null}},"233":{"start":{"line":597,"column":17},"end":{"line":612,"column":null}},"234":{"start":{"line":598,"column":10},"end":{"line":598,"column":null}},"235":{"start":{"line":599,"column":10},"end":{"line":599,"column":null}},"236":{"start":{"line":602,"column":17},"end":{"line":612,"column":null}},"237":{"start":{"line":603,"column":10},"end":{"line":603,"column":null}},"238":{"start":{"line":604,"column":10},"end":{"line":604,"column":null}},"239":{"start":{"line":607,"column":17},"end":{"line":612,"column":null}},"240":{"start":{"line":608,"column":28},"end":{"line":608,"column":null}},"241":{"start":{"line":609,"column":29},"end":{"line":609,"column":null}},"242":{"start":{"line":610,"column":10},"end":{"line":612,"column":null}},"243":{"start":{"line":611,"column":12},"end":{"line":611,"column":null}},"244":{"start":{"line":612,"column":12},"end":{"line":612,"column":null}},"245":{"start":{"line":616,"column":8},"end":{"line":620,"column":null}},"246":{"start":{"line":623,"column":6},"end":{"line":639,"column":null}},"247":{"start":{"line":641,"column":6},"end":{"line":641,"column":null}},"248":{"start":{"line":644,"column":4},"end":{"line":647,"column":null}}},"fnMap":{"0":{"name":"findDocsInDir","decl":{"start":{"line":14,"column":22},"end":{"line":14,"column":36}},"loc":{"start":{"line":14,"column":72},"end":{"line":22,"column":null}},"line":14},"1":{"name":"(anonymous_1)","decl":{"start":{"line":22,"column":21},"end":{"line":22,"column":26}},"loc":{"start":{"line":22,"column":35},"end":{"line":22,"column":59}},"line":22},"2":{"name":"getLineTypeScore","decl":{"start":{"line":26,"column":9},"end":{"line":26,"column":26}},"loc":{"start":{"line":26,"column":48},"end":{"line":30,"column":null}},"line":26},"3":{"name":"getFileImportanceScore","decl":{"start":{"line":34,"column":9},"end":{"line":34,"column":32}},"loc":{"start":{"line":34,"column":75},"end":{"line":39,"column":null}},"line":34},"4":{"name":"getMatchPrecisionScore","decl":{"start":{"line":43,"column":9},"end":{"line":43,"column":32}},"loc":{"start":{"line":43,"column":75},"end":{"line":48,"column":null}},"line":43},"5":{"name":"handleHuntDocs","decl":{"start":{"line":52,"column":22},"end":{"line":52,"column":37}},"loc":{"start":{"line":52,"column":62},"end":{"line":82,"column":null}},"line":52},"6":{"name":"handlePeekFile","decl":{"start":{"line":86,"column":22},"end":{"line":86,"column":37}},"loc":{"start":{"line":86,"column":62},"end":{"line":138,"column":null}},"line":86},"7":{"name":"handleGrepDocs","decl":{"start":{"line":142,"column":22},"end":{"line":142,"column":37}},"loc":{"start":{"line":142,"column":62},"end":{"line":237,"column":null}},"line":142},"8":{"name":"(anonymous_8)","decl":{"start":{"line":208,"column":14},"end":{"line":208,"column":20}},"loc":{"start":{"line":208,"column":29},"end":{"line":208,"column":47}},"line":208},"9":{"name":"(anonymous_9)","decl":{"start":{"line":217,"column":33},"end":{"line":217,"column":38}},"loc":{"start":{"line":217,"column":45},"end":{"line":222,"column":null}},"line":217},"10":{"name":"handleFathomMeaning","decl":{"start":{"line":241,"column":22},"end":{"line":241,"column":42}},"loc":{"start":{"line":241,"column":67},"end":{"line":334,"column":null}},"line":241},"11":{"name":"(anonymous_11)","decl":{"start":{"line":255,"column":9},"end":{"line":255,"column":17}},"loc":{"start":{"line":255,"column":31},"end":{"line":255,"column":44}},"line":255},"12":{"name":"(anonymous_12)","decl":{"start":{"line":274,"column":20},"end":{"line":274,"column":29}},"loc":{"start":{"line":274,"column":59},"end":{"line":278,"column":null}},"line":274},"13":{"name":"(anonymous_13)","decl":{"start":{"line":304,"column":14},"end":{"line":304,"column":20}},"loc":{"start":{"line":304,"column":29},"end":{"line":304,"column":47}},"line":304},"14":{"name":"(anonymous_14)","decl":{"start":{"line":315,"column":36},"end":{"line":315,"column":41}},"loc":{"start":{"line":315,"column":48},"end":{"line":319,"column":null}},"line":315},"15":{"name":"handleTldrDocs","decl":{"start":{"line":338,"column":22},"end":{"line":338,"column":37}},"loc":{"start":{"line":338,"column":62},"end":{"line":399,"column":null}},"line":338},"16":{"name":"handleHuntRelated","decl":{"start":{"line":403,"column":22},"end":{"line":403,"column":40}},"loc":{"start":{"line":403,"column":65},"end":{"line":482,"column":null}},"line":403},"17":{"name":"(anonymous_17)","decl":{"start":{"line":417,"column":9},"end":{"line":417,"column":17}},"loc":{"start":{"line":417,"column":31},"end":{"line":417,"column":44}},"line":417},"18":{"name":"(anonymous_18)","decl":{"start":{"line":429,"column":38},"end":{"line":429,"column":46}},"loc":{"start":{"line":429,"column":60},"end":{"line":429,"column":73}},"line":429},"19":{"name":"(anonymous_19)","decl":{"start":{"line":456,"column":14},"end":{"line":456,"column":20}},"loc":{"start":{"line":456,"column":29},"end":{"line":456,"column":67}},"line":456},"20":{"name":"handleSmellStale","decl":{"start":{"line":486,"column":22},"end":{"line":486,"column":39}},"loc":{"start":{"line":486,"column":64},"end":{"line":551,"column":null}},"line":486},"21":{"name":"(anonymous_21)","decl":{"start":{"line":525,"column":16},"end":{"line":525,"column":22}},"loc":{"start":{"line":525,"column":31},"end":{"line":525,"column":69}},"line":525},"22":{"name":"handleSenseSurroundings","decl":{"start":{"line":555,"column":22},"end":{"line":555,"column":46}},"loc":{"start":{"line":555,"column":71},"end":{"line":647,"column":null}},"line":555}},"branchMap":{"0":{"loc":{"start":{"line":28,"column":2},"end":{"line":28,"column":null}},"type":"if","locations":[{"start":{"line":28,"column":2},"end":{"line":28,"column":null}},{"start":{},"end":{}}],"line":28},"1":{"loc":{"start":{"line":29,"column":2},"end":{"line":29,"column":null}},"type":"if","locations":[{"start":{"line":29,"column":2},"end":{"line":29,"column":null}},{"start":{},"end":{}}],"line":29},"2":{"loc":{"start":{"line":37,"column":2},"end":{"line":37,"column":null}},"type":"if","locations":[{"start":{"line":37,"column":2},"end":{"line":37,"column":null}},{"start":{},"end":{}}],"line":37},"3":{"loc":{"start":{"line":38,"column":2},"end":{"line":38,"column":null}},"type":"if","locations":[{"start":{"line":38,"column":2},"end":{"line":38,"column":null}},{"start":{},"end":{}}],"line":38},"4":{"loc":{"start":{"line":46,"column":11},"end":{"line":46,"column":null}},"type":"cond-expr","locations":[{"start":{"line":46,"column":42},"end":{"line":46,"column":47}},{"start":{"line":46,"column":47},"end":{"line":46,"column":null}}],"line":46},"5":{"loc":{"start":{"line":58,"column":4},"end":{"line":59,"column":null}},"type":"if","locations":[{"start":{"line":58,"column":4},"end":{"line":59,"column":null}},{"start":{},"end":{}}],"line":58},"6":{"loc":{"start":{"line":90,"column":4},"end":{"line":91,"column":null}},"type":"if","locations":[{"start":{"line":90,"column":4},"end":{"line":91,"column":null}},{"start":{},"end":{}}],"line":90},"7":{"loc":{"start":{"line":90,"column":8},"end":{"line":90,"column":51}},"type":"binary-expr","locations":[{"start":{"line":90,"column":8},"end":{"line":90,"column":21}},{"start":{"line":90,"column":21},"end":{"line":90,"column":51}}],"line":90},"8":{"loc":{"start":{"line":96,"column":4},"end":{"line":97,"column":null}},"type":"if","locations":[{"start":{"line":96,"column":4},"end":{"line":97,"column":null}},{"start":{},"end":{}}],"line":96},"9":{"loc":{"start":{"line":101,"column":4},"end":{"line":116,"column":null}},"type":"if","locations":[{"start":{"line":101,"column":4},"end":{"line":116,"column":null}},{"start":{},"end":{}}],"line":101},"10":{"loc":{"start":{"line":121,"column":4},"end":{"line":122,"column":null}},"type":"if","locations":[{"start":{"line":121,"column":4},"end":{"line":122,"column":null}},{"start":{},"end":{}}],"line":121},"11":{"loc":{"start":{"line":169,"column":8},"end":{"line":174,"column":null}},"type":"if","locations":[{"start":{"line":169,"column":8},"end":{"line":174,"column":null}},{"start":{},"end":{}}],"line":169},"12":{"loc":{"start":{"line":172,"column":12},"end":{"line":172,"column":null}},"type":"if","locations":[{"start":{"line":172,"column":12},"end":{"line":172,"column":null}},{"start":{},"end":{}}],"line":172},"13":{"loc":{"start":{"line":184,"column":12},"end":{"line":198,"column":null}},"type":"if","locations":[{"start":{"line":184,"column":12},"end":{"line":198,"column":null}},{"start":{},"end":{}}],"line":184},"14":{"loc":{"start":{"line":247,"column":25},"end":{"line":247,"column":null}},"type":"cond-expr","locations":[{"start":{"line":247,"column":44},"end":{"line":247,"column":62}},{"start":{"line":247,"column":65},"end":{"line":247,"column":null}}],"line":247},"15":{"loc":{"start":{"line":247,"column":25},"end":{"line":247,"column":44}},"type":"binary-expr","locations":[{"start":{"line":247,"column":25},"end":{"line":247,"column":33}},{"start":{"line":247,"column":33},"end":{"line":247,"column":44}}],"line":247},"16":{"loc":{"start":{"line":272,"column":12},"end":{"line":278,"column":null}},"type":"if","locations":[{"start":{"line":272,"column":12},"end":{"line":278,"column":null}},{"start":{},"end":{}}],"line":272},"17":{"loc":{"start":{"line":275,"column":16},"end":{"line":276,"column":null}},"type":"if","locations":[{"start":{"line":275,"column":16},"end":{"line":276,"column":null}},{"start":{},"end":{}}],"line":275},"18":{"loc":{"start":{"line":283,"column":12},"end":{"line":286,"column":null}},"type":"if","locations":[{"start":{"line":283,"column":12},"end":{"line":286,"column":null}},{"start":{},"end":{}}],"line":283},"19":{"loc":{"start":{"line":285,"column":16},"end":{"line":286,"column":null}},"type":"if","locations":[{"start":{"line":285,"column":16},"end":{"line":286,"column":null}},{"start":{},"end":{}}],"line":285},"20":{"loc":{"start":{"line":292,"column":10},"end":{"line":297,"column":null}},"type":"if","locations":[{"start":{"line":292,"column":10},"end":{"line":297,"column":null}},{"start":{},"end":{}}],"line":292},"21":{"loc":{"start":{"line":294,"column":28},"end":{"line":296,"column":null}},"type":"cond-expr","locations":[{"start":{"line":295,"column":16},"end":{"line":295,"column":62}},{"start":{"line":296,"column":16},"end":{"line":296,"column":null}}],"line":294},"22":{"loc":{"start":{"line":344,"column":18},"end":{"line":344,"column":null}},"type":"cond-expr","locations":[{"start":{"line":344,"column":47},"end":{"line":344,"column":72}},{"start":{"line":344,"column":75},"end":{"line":344,"column":null}}],"line":344},"23":{"loc":{"start":{"line":344,"column":18},"end":{"line":344,"column":47}},"type":"binary-expr","locations":[{"start":{"line":344,"column":18},"end":{"line":344,"column":31}},{"start":{"line":344,"column":31},"end":{"line":344,"column":47}}],"line":344},"24":{"loc":{"start":{"line":347,"column":4},"end":{"line":347,"column":null}},"type":"if","locations":[{"start":{"line":347,"column":4},"end":{"line":347,"column":null}},{"start":{},"end":{}}],"line":347},"25":{"loc":{"start":{"line":355,"column":20},"end":{"line":355,"column":59}},"type":"binary-expr","locations":[{"start":{"line":355,"column":20},"end":{"line":355,"column":40}},{"start":{"line":355,"column":40},"end":{"line":355,"column":59}}],"line":355},"26":{"loc":{"start":{"line":357,"column":6},"end":{"line":357,"column":null}},"type":"if","locations":[{"start":{"line":357,"column":6},"end":{"line":357,"column":null}},{"start":{},"end":{}}],"line":357},"27":{"loc":{"start":{"line":359,"column":6},"end":{"line":369,"column":null}},"type":"if","locations":[{"start":{"line":359,"column":6},"end":{"line":369,"column":null}},{"start":{"line":364,"column":8},"end":{"line":369,"column":null}}],"line":359},"28":{"loc":{"start":{"line":364,"column":8},"end":{"line":369,"column":null}},"type":"if","locations":[{"start":{"line":364,"column":8},"end":{"line":369,"column":null}},{"start":{},"end":{}}],"line":364},"29":{"loc":{"start":{"line":364,"column":8},"end":{"line":365,"column":41}},"type":"binary-expr","locations":[{"start":{"line":364,"column":8},"end":{"line":364,"column":null}},{"start":{"line":365,"column":8},"end":{"line":365,"column":41}}],"line":364},"30":{"loc":{"start":{"line":365,"column":22},"end":{"line":365,"column":41}},"type":"binary-expr","locations":[{"start":{"line":365,"column":22},"end":{"line":365,"column":38}},{"start":{"line":365,"column":38},"end":{"line":365,"column":41}}],"line":365},"31":{"loc":{"start":{"line":372,"column":6},"end":{"line":372,"column":null}},"type":"if","locations":[{"start":{"line":372,"column":6},"end":{"line":372,"column":null}},{"start":{},"end":{}}],"line":372},"32":{"loc":{"start":{"line":387,"column":20},"end":{"line":387,"column":null}},"type":"cond-expr","locations":[{"start":{"line":387,"column":46},"end":{"line":387,"column":69}},{"start":{"line":387,"column":69},"end":{"line":387,"column":null}}],"line":387},"33":{"loc":{"start":{"line":409,"column":21},"end":{"line":409,"column":null}},"type":"cond-expr","locations":[{"start":{"line":409,"column":68},"end":{"line":409,"column":80}},{"start":{"line":409,"column":80},"end":{"line":409,"column":null}}],"line":409},"34":{"loc":{"start":{"line":409,"column":21},"end":{"line":409,"column":68}},"type":"binary-expr","locations":[{"start":{"line":409,"column":21},"end":{"line":409,"column":34}},{"start":{"line":409,"column":34},"end":{"line":409,"column":51}},{"start":{"line":409,"column":51},"end":{"line":409,"column":68}}],"line":409},"35":{"loc":{"start":{"line":436,"column":12},"end":{"line":438,"column":null}},"type":"if","locations":[{"start":{"line":436,"column":12},"end":{"line":438,"column":null}},{"start":{},"end":{}}],"line":436},"36":{"loc":{"start":{"line":442,"column":24},"end":{"line":442,"column":null}},"type":"cond-expr","locations":[{"start":{"line":442,"column":48},"end":{"line":442,"column":81}},{"start":{"line":442,"column":81},"end":{"line":442,"column":null}}],"line":442},"37":{"loc":{"start":{"line":444,"column":10},"end":{"line":449,"column":null}},"type":"if","locations":[{"start":{"line":444,"column":10},"end":{"line":449,"column":null}},{"start":{},"end":{}}],"line":444},"38":{"loc":{"start":{"line":491,"column":19},"end":{"line":491,"column":null}},"type":"cond-expr","locations":[{"start":{"line":491,"column":50},"end":{"line":491,"column":63}},{"start":{"line":491,"column":63},"end":{"line":491,"column":null}}],"line":491},"39":{"loc":{"start":{"line":491,"column":19},"end":{"line":491,"column":50}},"type":"binary-expr","locations":[{"start":{"line":491,"column":19},"end":{"line":491,"column":33}},{"start":{"line":491,"column":33},"end":{"line":491,"column":50}}],"line":491},"40":{"loc":{"start":{"line":512,"column":10},"end":{"line":518,"column":null}},"type":"if","locations":[{"start":{"line":512,"column":10},"end":{"line":518,"column":null}},{"start":{},"end":{}}],"line":512},"41":{"loc":{"start":{"line":536,"column":22},"end":{"line":536,"column":null}},"type":"cond-expr","locations":[{"start":{"line":536,"column":34},"end":{"line":536,"column":91}},{"start":{"line":536,"column":91},"end":{"line":536,"column":null}}],"line":536},"42":{"loc":{"start":{"line":562,"column":18},"end":{"line":564,"column":null}},"type":"cond-expr","locations":[{"start":{"line":563,"column":8},"end":{"line":563,"column":null}},{"start":{"line":564,"column":8},"end":{"line":564,"column":null}}],"line":562},"43":{"loc":{"start":{"line":562,"column":59},"end":{"line":562,"column":78}},"type":"binary-expr","locations":[{"start":{"line":562,"column":59},"end":{"line":562,"column":75}},{"start":{"line":562,"column":75},"end":{"line":562,"column":78}}],"line":562},"44":{"loc":{"start":{"line":587,"column":8},"end":{"line":612,"column":null}},"type":"if","locations":[{"start":{"line":587,"column":8},"end":{"line":612,"column":null}},{"start":{"line":592,"column":17},"end":{"line":612,"column":null}}],"line":587},"45":{"loc":{"start":{"line":587,"column":12},"end":{"line":587,"column":69}},"type":"binary-expr","locations":[{"start":{"line":587,"column":12},"end":{"line":587,"column":43}},{"start":{"line":587,"column":43},"end":{"line":587,"column":69}}],"line":587},"46":{"loc":{"start":{"line":592,"column":17},"end":{"line":612,"column":null}},"type":"if","locations":[{"start":{"line":592,"column":17},"end":{"line":612,"column":null}},{"start":{"line":597,"column":17},"end":{"line":612,"column":null}}],"line":592},"47":{"loc":{"start":{"line":597,"column":17},"end":{"line":612,"column":null}},"type":"if","locations":[{"start":{"line":597,"column":17},"end":{"line":612,"column":null}},{"start":{"line":602,"column":17},"end":{"line":612,"column":null}}],"line":597},"48":{"loc":{"start":{"line":597,"column":17},"end":{"line":597,"column":82}},"type":"binary-expr","locations":[{"start":{"line":597,"column":17},"end":{"line":597,"column":62}},{"start":{"line":597,"column":66},"end":{"line":597,"column":82}}],"line":597},"49":{"loc":{"start":{"line":602,"column":17},"end":{"line":612,"column":null}},"type":"if","locations":[{"start":{"line":602,"column":17},"end":{"line":612,"column":null}},{"start":{"line":607,"column":17},"end":{"line":612,"column":null}}],"line":602},"50":{"loc":{"start":{"line":607,"column":17},"end":{"line":612,"column":null}},"type":"if","locations":[{"start":{"line":607,"column":17},"end":{"line":612,"column":null}},{"start":{},"end":{}}],"line":607},"51":{"loc":{"start":{"line":607,"column":17},"end":{"line":607,"column":60}},"type":"binary-expr","locations":[{"start":{"line":607,"column":17},"end":{"line":607,"column":35}},{"start":{"line":607,"column":35},"end":{"line":607,"column":60}}],"line":607},"52":{"loc":{"start":{"line":610,"column":10},"end":{"line":612,"column":null}},"type":"if","locations":[{"start":{"line":610,"column":10},"end":{"line":612,"column":null}},{"start":{},"end":{}}],"line":610}},"s":{"0":1,"1":1,"2":1,"3":1,"4":0,"5":0,"6":0,"7":0,"8":0,"9":0,"10":0,"11":0,"12":0,"13":0,"14":0,"15":0,"16":0,"17":0,"18":0,"19":0,"20":0,"21":1,"22":1,"23":1,"24":1,"25":1,"26":0,"27":1,"28":1,"29":0,"30":1,"31":1,"32":1,"33":0,"34":1,"35":1,"36":1,"37":0,"38":1,"39":0,"40":0,"41":0,"42":1,"43":1,"44":0,"45":1,"46":1,"47":0,"48":0,"49":0,"50":0,"51":0,"52":0,"53":0,"54":0,"55":0,"56":0,"57":0,"58":0,"59":0,"60":0,"61":0,"62":0,"63":0,"64":0,"65":0,"66":0,"67":0,"68":0,"69":0,"70":0,"71":0,"72":0,"73":0,"74":0,"75":0,"76":0,"77":0,"78":0,"79":0,"80":0,"81":0,"82":0,"83":0,"84":0,"85":0,"86":0,"87":0,"88":0,"89":0,"90":0,"91":0,"92":0,"93":0,"94":0,"95":0,"96":0,"97":0,"98":0,"99":0,"100":0,"101":0,"102":0,"103":0,"104":0,"105":0,"106":0,"107":0,"108":0,"109":0,"110":0,"111":0,"112":0,"113":0,"114":0,"115":0,"116":0,"117":0,"118":0,"119":0,"120":0,"121":0,"122":0,"123":0,"124":0,"125":0,"126":0,"127":0,"128":0,"129":0,"130":0,"131":0,"132":0,"133":0,"134":0,"135":0,"136":0,"137":0,"138":0,"139":0,"140":0,"141":0,"142":0,"143":0,"144":0,"145":0,"146":0,"147":0,"148":0,"149":0,"150":0,"151":0,"152":0,"153":0,"154":0,"155":0,"156":0,"157":0,"158":0,"159":0,"160":0,"161":0,"162":0,"163":0,"164":0,"165":0,"166":0,"167":0,"168":0,"169":0,"170":0,"171":0,"172":0,"173":0,"174":0,"175":0,"176":0,"177":0,"178":0,"179":0,"180":0,"181":0,"182":0,"183":0,"184":0,"185":0,"186":0,"187":0,"188":0,"189":0,"190":0,"191":0,"192":0,"193":0,"194":0,"195":0,"196":0,"197":0,"198":0,"199":0,"200":0,"201":0,"202":0,"203":0,"204":0,"205":0,"206":0,"207":0,"208":0,"209":0,"210":0,"211":0,"212":0,"213":0,"214":0,"215":0,"216":0,"217":0,"218":0,"219":0,"220":0,"221":0,"222":0,"223":0,"224":0,"225":0,"226":0,"227":0,"228":0,"229":0,"230":0,"231":0,"232":0,"233":0,"234":0,"235":0,"236":0,"237":0,"238":0,"239":0,"240":0,"241":0,"242":0,"243":0,"244":0,"245":0,"246":0,"247":0,"248":0},"f":{"0":1,"1":1,"2":0,"3":0,"4":0,"5":1,"6":1,"7":0,"8":0,"9":0,"10":0,"11":0,"12":0,"13":0,"14":0,"15":0,"16":0,"17":0,"18":0,"19":0,"20":0,"21":0,"22":0},"b":{"0":[0,0],"1":[0,0],"2":[0,0],"3":[0,0],"4":[0,0],"5":[0,1],"6":[0,1],"7":[1,1],"8":[0,1],"9":[0,1],"10":[0,1],"11":[0,0],"12":[0,0],"13":[0,0],"14":[0,0],"15":[0,0],"16":[0,0],"17":[0,0],"18":[0,0],"19":[0,0],"20":[0,0],"21":[0,0],"22":[0,0],"23":[0,0],"24":[0,0],"25":[0,0],"26":[0,0],"27":[0,0],"28":[0,0],"29":[0,0],"30":[0,0],"31":[0,0],"32":[0,0],"33":[0,0],"34":[0,0,0],"35":[0,0],"36":[0,0],"37":[0,0],"38":[0,0],"39":[0,0],"40":[0,0],"41":[0,0],"42":[0,0],"43":[0,0],"44":[0,0],"45":[0,0],"46":[0,0],"47":[0,0],"48":[0,0],"49":[0,0],"50":[0,0],"51":[0,0],"52":[0,0]},"meta":{"lastBranch":53,"lastFunction":23,"lastStatement":249,"seen":{"f:14:22:14:36":0,"s:15:21:19:4":0,"s:21:22:21:53":1,"s:22:2:22:Infinity":2,"f:22:21:22:26":1,"s:22:35:22:59":3,"f:26:9:26:26":2,"s:27:18:27:29":4,"b:28:2:28:Infinity:undefined:undefined:undefined:undefined":0,"s:28:2:28:Infinity":5,"s:28:27:28:Infinity":6,"b:29:2:29:Infinity:undefined:undefined:undefined:undefined":1,"s:29:2:29:Infinity":7,"s:29:29:29:Infinity":8,"s:30:2:30:Infinity":9,"f:34:9:34:32":3,"s:35:23:35:55":10,"s:36:19:36:56":11,"b:37:2:37:Infinity:undefined:undefined:undefined:undefined":2,"s:37:2:37:Infinity":12,"s:37:31:37:Infinity":13,"b:38:2:38:Infinity:undefined:undefined:undefined:undefined":3,"s:38:2:38:Infinity":14,"s:38:40:38:Infinity":15,"s:39:2:39:Infinity":16,"f:43:9:43:32":4,"s:44:2:48:Infinity":17,"s:45:30:45:76":18,"s:46:4:46:Infinity":19,"b:46:42:46:47:46:47:46:Infinity":4,"s:48:4:48:Infinity":20,"f:52:22:52:37":5,"s:53:31:53:Infinity":21,"s:55:2:82:Infinity":22,"s:56:10:56:76":23,"s:57:17:57:39":24,"b:58:4:59:Infinity:undefined:undefined:undefined:undefined":5,"s:58:4:59:Infinity":25,"s:59:6:59:Infinity":26,"s:62:18:62:46":27,"s:63:4:77:Infinity":28,"s:79:4:82:Infinity":29,"f:86:22:86:37":6,"s:87:23:87:Infinity":30,"s:89:2:138:Infinity":31,"b:90:4:91:Infinity:undefined:undefined:undefined:undefined":6,"s:90:4:91:Infinity":32,"b:90:8:90:21:90:21:90:51":7,"s:91:6:91:Infinity":33,"s:93:25:93:47":34,"s:95:17:95:44":35,"b:96:4:97:Infinity:undefined:undefined:undefined:undefined":8,"s:96:4:97:Infinity":36,"s:97:6:97:Infinity":37,"b:101:4:116:Infinity:undefined:undefined:undefined:undefined":9,"s:101:4:116:Infinity":38,"s:102:6:105:Infinity":39,"s:106:27:106:81":40,"s:107:6:116:Infinity":41,"s:120:19:120:50":42,"b:121:4:122:Infinity:undefined:undefined:undefined:undefined":10,"s:121:4:122:Infinity":43,"s:122:6:122:Infinity":44,"s:125:20:125:44":45,"s:126:4:133:Infinity":46,"s:135:4:138:Infinity":47,"f:142:22:142:37":7,"s:143:53:143:Infinity":48,"s:145:2:237:Infinity":49,"s:146:10:146:76":50,"s:147:10:147:68":51,"s:151:4:154:Infinity":52,"s:152:6:152:Infinity":53,"s:154:6:154:Infinity":54,"s:157:20:157:52":55,"s:158:4:231:Infinity":56,"s:159:19:159:47":57,"s:166:11:166:13":58,"s:168:6:202:Infinity":59,"b:169:8:174:Infinity:undefined:undefined:undefined:undefined":11,"s:169:8:174:Infinity":60,"s:170:10:174:Infinity":61,"s:171:37:171:73":62,"b:172:12:172:Infinity:undefined:undefined:undefined:undefined":12,"s:172:12:172:Infinity":63,"s:172:46:172:Infinity":64,"s:174:12:174:Infinity":65,"s:178:8:202:Infinity":66,"s:179:26:179:58":67,"s:180:24:180:43":68,"s:182:10:200:Infinity":69,"s:182:23:182:26":70,"s:183:29:183:Infinity":71,"b:184:12:198:Infinity:undefined:undefined:undefined:undefined":13,"s:184:12:198:Infinity":72,"s:185:36:185:62":73,"s:186:32:186:69":74,"s:187:37:189:Infinity":75,"s:191:33:191:Infinity":76,"s:193:14:198:Infinity":77,"s:200:12:200:Infinity":78,"s:208:6:208:Infinity":79,"f:208:14:208:20":8,"s:208:29:208:47":80,"s:210:6:229:Infinity":81,"f:217:33:217:38":9,"s:217:45:222:Infinity":82,"s:231:6:231:Infinity":83,"s:234:4:237:Infinity":84,"f:241:22:241:42":10,"s:242:44:242:Infinity":85,"s:244:2:334:Infinity":86,"s:245:10:245:76":87,"s:246:10:246:59":88,"s:247:25:247:Infinity":89,"b:247:44:247:62:247:65:247:Infinity":14,"b:247:25:247:33:247:33:247:44":15,"s:249:20:249:52":90,"s:250:4:328:Infinity":91,"s:251:19:251:47":92,"s:252:25:255:44":93,"f:255:9:255:17":11,"s:255:31:255:44":94,"s:260:11:260:13":95,"s:262:6:299:Infinity":96,"s:263:8:299:Infinity":97,"s:264:26:264:58":98,"s:265:31:265:52":99,"s:266:24:266:43":100,"s:268:22:268:Infinity":101,"s:269:31:269:48":102,"s:271:10:278:Infinity":103,"b:272:12:278:Infinity:undefined:undefined:undefined:undefined":16,"s:272:12:278:Infinity":104,"s:273:14:273:Infinity":105,"s:274:14:278:Infinity":106,"f:274:20:274:29":12,"b:275:16:276:Infinity:undefined:undefined:undefined:undefined":17,"s:275:16:276:Infinity":107,"s:276:18:276:Infinity":108,"s:282:10:286:Infinity":109,"b:283:12:286:Infinity:undefined:undefined:undefined:undefined":18,"s:283:12:286:Infinity":110,"s:284:14:286:Infinity":111,"b:285:16:286:Infinity:undefined:undefined:undefined:undefined":19,"s:285:16:286:Infinity":112,"s:286:18:286:Infinity":113,"b:292:10:297:Infinity:undefined:undefined:undefined:undefined":20,"s:292:10:297:Infinity":114,"s:293:35:293:60":115,"s:294:28:296:Infinity":116,"b:295:16:295:62:296:16:296:Infinity":21,"s:297:12:297:Infinity":117,"s:304:6:304:Infinity":118,"f:304:14:304:20":13,"s:304:29:304:47":119,"s:305:25:305:55":120,"s:307:6:326:Infinity":121,"f:315:36:315:41":14,"s:315:48:319:Infinity":122,"s:328:6:328:Infinity":123,"s:331:4:334:Infinity":124,"f:338:22:338:37":15,"s:339:34:339:Infinity":125,"s:341:2:399:Infinity":126,"s:342:10:342:67":127,"s:343:25:343:52":128,"s:344:18:344:Infinity":129,"b:344:47:344:72:344:75:344:Infinity":22,"b:344:18:344:31:344:31:344:47":23,"s:346:17:346:44":130,"b:347:4:347:Infinity:undefined:undefined:undefined:undefined":24,"s:347:4:347:Infinity":131,"s:347:24:347:Infinity":132,"s:349:20:349:60":133,"s:350:18:350:37":134,"s:352:35:352:37":135,"s:353:20:353:Infinity":136,"s:355:4:372:Infinity":137,"s:355:17:355:20":138,"b:355:20:355:40:355:40:355:59":25,"s:356:19:356:34":139,"b:357:6:357:Infinity:undefined:undefined:undefined:undefined":26,"s:357:6:357:Infinity":140,"s:357:17:357:Infinity":141,"b:359:6:369:Infinity:364:8:369:Infinity":27,"s:359:6:369:Infinity":142,"s:360:21:360:43":143,"s:361:8:361:Infinity":144,"s:362:8:362:Infinity":145,"b:364:8:369:Infinity:undefined:undefined:undefined:undefined":28,"s:364:8:369:Infinity":146,"b:364:8:364:Infinity:365:8:365:41":29,"b:365:22:365:38:365:38:365:41":30,"s:367:21:367:43":147,"s:368:8:368:Infinity":148,"s:369:8:369:Infinity":149,"b:372:6:372:Infinity:undefined:undefined:undefined:undefined":31,"s:372:6:372:Infinity":150,"s:372:30:372:Infinity":151,"s:375:20:375:63":152,"s:377:4:394:Infinity":153,"b:387:46:387:69:387:69:387:Infinity":32,"s:396:4:399:Infinity":154,"f:403:22:403:40":16,"s:404:49:404:Infinity":155,"s:406:2:482:Infinity":156,"s:407:10:407:76":157,"s:408:10:408:59":158,"s:409:21:409:Infinity":159,"b:409:68:409:80:409:80:409:Infinity":33,"b:409:21:409:34:409:34:409:51:409:51:409:68":34,"s:411:20:411:52":160,"s:412:4:476:Infinity":161,"s:413:19:413:47":162,"s:414:25:417:44":163,"f:417:9:417:17":17,"s:417:31:417:44":164,"s:422:11:422:13":165,"s:424:6:451:Infinity":166,"s:425:8:451:Infinity":167,"s:426:26:426:58":168,"s:427:31:427:52":169,"s:428:31:429:Infinity":170,"f:429:38:429:46":18,"s:429:60:429:73":171,"s:432:27:432:Infinity":172,"s:433:45:433:47":173,"s:435:10:438:Infinity":174,"b:436:12:438:Infinity:undefined:undefined:undefined:undefined":35,"s:436:12:438:Infinity":175,"s:437:14:437:Infinity":176,"s:438:14:438:Infinity":177,"s:442:24:442:Infinity":178,"b:442:48:442:81:442:81:442:Infinity":36,"b:444:10:449:Infinity:undefined:undefined:undefined:undefined":37,"s:444:10:449:Infinity":179,"s:445:12:449:Infinity":180,"s:456:6:456:Infinity":181,"f:456:14:456:20":19,"s:456:29:456:67":182,"s:458:6:474:Infinity":183,"s:476:6:476:Infinity":184,"s:479:4:482:Infinity":185,"f:486:22:486:39":20,"s:487:60:487:Infinity":186,"s:489:2:551:Infinity":187,"s:490:10:490:76":188,"s:491:19:491:Infinity":189,"b:491:50:491:63:491:63:491:Infinity":38,"b:491:19:491:33:491:33:491:50":39,"s:492:22:492:Infinity":190,"s:494:20:494:52":191,"s:495:4:545:Infinity":192,"s:496:19:496:47":193,"s:497:18:497:28":194,"s:498:23:498:Infinity":195,"s:504:11:504:13":196,"s:506:6:520:Infinity":197,"s:507:8:520:Infinity":198,"s:508:23:508:42":199,"s:509:24:509:Infinity":200,"s:510:28:510:69":201,"b:512:10:518:Infinity:undefined:undefined:undefined:undefined":40,"s:512:10:518:Infinity":202,"s:513:12:518:Infinity":203,"s:525:6:525:Infinity":204,"f:525:16:525:22":21,"s:525:31:525:69":205,"s:527:6:543:Infinity":206,"b:536:34:536:91:536:91:536:Infinity":41,"s:545:6:545:Infinity":207,"s:548:4:551:Infinity":208,"f:555:22:555:46":22,"s:556:62:556:Infinity":209,"s:558:2:647:Infinity":210,"s:559:10:559:76":211,"s:560:10:560:81":212,"s:561:25:561:52":213,"s:562:18:564:Infinity":214,"b:563:8:563:Infinity:564:8:564:Infinity":42,"b:562:59:562:75:562:75:562:78":43,"s:566:20:566:52":215,"s:567:4:641:Infinity":216,"s:568:22:568:48":217,"s:569:30:569:61":218,"s:571:19:571:47":219,"s:576:11:576:13":220,"s:578:6:620:Infinity":221,"s:579:28:579:55":222,"s:580:23:580:48":223,"s:582:24:582:Infinity":224,"s:583:21:583:Infinity":225,"s:586:28:586:60":226,"b:587:8:612:Infinity:592:17:612:Infinity":44,"s:587:8:612:Infinity":227,"b:587:12:587:43:587:43:587:69":45,"s:588:10:588:Infinity":228,"s:589:10:589:Infinity":229,"b:592:17:612:Infinity:597:17:612:Infinity":46,"s:592:17:612:Infinity":230,"s:593:10:593:Infinity":231,"s:594:10:594:Infinity":232,"b:597:17:612:Infinity:602:17:612:Infinity":47,"s:597:17:612:Infinity":233,"b:597:17:597:62:597:66:597:82":48,"s:598:10:598:Infinity":234,"s:599:10:599:Infinity":235,"b:602:17:612:Infinity:607:17:612:Infinity":49,"s:602:17:612:Infinity":236,"s:603:10:603:Infinity":237,"s:604:10:604:Infinity":238,"b:607:17:612:Infinity:undefined:undefined:undefined:undefined":50,"s:607:17:612:Infinity":239,"b:607:17:607:35:607:35:607:60":51,"s:608:28:608:Infinity":240,"s:609:29:609:Infinity":241,"b:610:10:612:Infinity:undefined:undefined:undefined:undefined":52,"s:610:10:612:Infinity":242,"s:611:12:611:Infinity":243,"s:612:12:612:Infinity":244,"s:616:8:620:Infinity":245,"s:623:6:639:Infinity":246,"s:641:6:641:Infinity":247,"s:644:4:647:Infinity":248}}}
,"/home/reasnovynt/Projects/Dev/anovise/docsgrep/src/tools/workspace.ts": {"path":"/home/reasnovynt/Projects/Dev/anovise/docsgrep/src/tools/workspace.ts","statementMap":{"0":{"start":{"line":18,"column":35},"end":{"line":18,"column":null}},"1":{"start":{"line":20,"column":2},"end":{"line":83,"column":null}},"2":{"start":{"line":21,"column":10},"end":{"line":21,"column":84}},"3":{"start":{"line":25,"column":25},"end":{"line":25,"column":null}},"4":{"start":{"line":27,"column":4},"end":{"line":41,"column":null}},"5":{"start":{"line":28,"column":29},"end":{"line":28,"column":91}},"6":{"start":{"line":29,"column":6},"end":{"line":29,"column":null}},"7":{"start":{"line":30,"column":6},"end":{"line":30,"column":null}},"8":{"start":{"line":31,"column":6},"end":{"line":31,"column":null}},"9":{"start":{"line":32,"column":6},"end":{"line":32,"column":null}},"10":{"start":{"line":33,"column":6},"end":{"line":33,"column":null}},"11":{"start":{"line":36,"column":31},"end":{"line":36,"column":66}},"12":{"start":{"line":37,"column":6},"end":{"line":37,"column":null}},"13":{"start":{"line":38,"column":6},"end":{"line":38,"column":null}},"14":{"start":{"line":39,"column":6},"end":{"line":39,"column":null}},"15":{"start":{"line":40,"column":6},"end":{"line":40,"column":null}},"16":{"start":{"line":41,"column":6},"end":{"line":41,"column":null}},"17":{"start":{"line":44,"column":24},"end":{"line":50,"column":null}},"18":{"start":{"line":51,"column":4},"end":{"line":51,"column":null}},"19":{"start":{"line":54,"column":4},"end":{"line":66,"column":null}},"20":{"start":{"line":55,"column":6},"end":{"line":66,"column":null}},"21":{"start":{"line":56,"column":30},"end":{"line":56,"column":66}},"22":{"start":{"line":57,"column":31},"end":{"line":57,"column":null}},"23":{"start":{"line":58,"column":8},"end":{"line":60,"column":null}},"24":{"start":{"line":59,"column":10},"end":{"line":59,"column":null}},"25":{"start":{"line":63,"column":8},"end":{"line":64,"column":null}},"26":{"start":{"line":64,"column":10},"end":{"line":64,"column":null}},"27":{"start":{"line":71,"column":4},"end":{"line":78,"column":null}},"28":{"start":{"line":80,"column":4},"end":{"line":83,"column":null}},"29":{"start":{"line":88,"column":52},"end":{"line":88,"column":null}},"30":{"start":{"line":90,"column":2},"end":{"line":143,"column":null}},"31":{"start":{"line":91,"column":10},"end":{"line":91,"column":94}},"32":{"start":{"line":92,"column":19},"end":{"line":92,"column":95}},"33":{"start":{"line":95,"column":24},"end":{"line":95,"column":73}},"34":{"start":{"line":96,"column":4},"end":{"line":99,"column":null}},"35":{"start":{"line":97,"column":6},"end":{"line":97,"column":null}},"36":{"start":{"line":98,"column":6},"end":{"line":98,"column":null}},"37":{"start":{"line":103,"column":10},"end":{"line":103,"column":null}},"38":{"start":{"line":104,"column":20},"end":{"line":104,"column":58}},"39":{"start":{"line":107,"column":27},"end":{"line":107,"column":61}},"40":{"start":{"line":108,"column":4},"end":{"line":110,"column":null}},"41":{"start":{"line":109,"column":28},"end":{"line":109,"column":72}},"42":{"start":{"line":110,"column":6},"end":{"line":110,"column":null}},"43":{"start":{"line":113,"column":22},"end":{"line":113,"column":50}},"44":{"start":{"line":114,"column":24},"end":{"line":114,"column":null}},"45":{"start":{"line":116,"column":18},"end":{"line":116,"column":null}},"46":{"start":{"line":117,"column":4},"end":{"line":120,"column":null}},"47":{"start":{"line":118,"column":6},"end":{"line":118,"column":null}},"48":{"start":{"line":120,"column":6},"end":{"line":120,"column":null}},"49":{"start":{"line":123,"column":4},"end":{"line":138,"column":null}},"50":{"start":{"line":140,"column":4},"end":{"line":143,"column":null}}},"fnMap":{"0":{"name":"registerWorkspaceTools","decl":{"start":{"line":13,"column":16},"end":{"line":13,"column":39}},"loc":{"start":{"line":13,"column":61},"end":{"line":13,"column":null}},"line":13},"1":{"name":"handleSetupCamp","decl":{"start":{"line":17,"column":22},"end":{"line":17,"column":38}},"loc":{"start":{"line":17,"column":63},"end":{"line":83,"column":null}},"line":17},"2":{"name":"handlePurgeCache","decl":{"start":{"line":87,"column":22},"end":{"line":87,"column":39}},"loc":{"start":{"line":87,"column":64},"end":{"line":143,"column":null}},"line":87}},"branchMap":{"0":{"loc":{"start":{"line":49,"column":19},"end":{"line":49,"column":null}},"type":"cond-expr","locations":[{"start":{"line":49,"column":36},"end":{"line":49,"column":52}},{"start":{"line":49,"column":52},"end":{"line":49,"column":null}}],"line":49},"1":{"loc":{"start":{"line":54,"column":4},"end":{"line":66,"column":null}},"type":"if","locations":[{"start":{"line":54,"column":4},"end":{"line":66,"column":null}},{"start":{},"end":{}}],"line":54},"2":{"loc":{"start":{"line":63,"column":8},"end":{"line":64,"column":null}},"type":"if","locations":[{"start":{"line":63,"column":8},"end":{"line":64,"column":null}},{"start":{},"end":{}}],"line":63},"3":{"loc":{"start":{"line":75,"column":84},"end":{"line":75,"column":147}},"type":"cond-expr","locations":[{"start":{"line":75,"column":101},"end":{"line":75,"column":127}},{"start":{"line":75,"column":127},"end":{"line":75,"column":147}}],"line":75},"4":{"loc":{"start":{"line":103,"column":22},"end":{"line":103,"column":71}},"type":"cond-expr","locations":[{"start":{"line":103,"column":53},"end":{"line":103,"column":66}},{"start":{"line":103,"column":66},"end":{"line":103,"column":71}}],"line":103},"5":{"loc":{"start":{"line":103,"column":22},"end":{"line":103,"column":53}},"type":"binary-expr","locations":[{"start":{"line":103,"column":22},"end":{"line":103,"column":36}},{"start":{"line":103,"column":36},"end":{"line":103,"column":53}}],"line":103},"6":{"loc":{"start":{"line":108,"column":4},"end":{"line":110,"column":null}},"type":"if","locations":[{"start":{"line":108,"column":4},"end":{"line":110,"column":null}},{"start":{},"end":{}}],"line":108},"7":{"loc":{"start":{"line":117,"column":4},"end":{"line":120,"column":null}},"type":"if","locations":[{"start":{"line":117,"column":4},"end":{"line":120,"column":null}},{"start":{"line":119,"column":11},"end":{"line":120,"column":null}}],"line":117}},"s":{"0":2,"1":2,"2":2,"3":2,"4":2,"5":2,"6":2,"7":1,"8":1,"9":1,"10":1,"11":0,"12":0,"13":0,"14":0,"15":0,"16":0,"17":1,"18":2,"19":1,"20":0,"21":0,"22":0,"23":0,"24":0,"25":0,"26":0,"27":1,"28":1,"29":0,"30":0,"31":0,"32":0,"33":0,"34":0,"35":0,"36":0,"37":0,"38":0,"39":0,"40":0,"41":0,"42":0,"43":0,"44":0,"45":0,"46":0,"47":0,"48":0,"49":0,"50":0},"f":{"0":0,"1":2,"2":0},"b":{"0":[1,0],"1":[0,1],"2":[0,0],"3":[1,0],"4":[0,0],"5":[0,0],"6":[0,0],"7":[0,0]},"meta":{"lastBranch":8,"lastFunction":3,"lastStatement":51,"seen":{"f:13:16:13:39":0,"f:17:22:17:38":1,"s:18:35:18:Infinity":0,"s:20:2:83:Infinity":1,"s:21:10:21:84":2,"s:25:25:25:Infinity":3,"s:27:4:41:Infinity":4,"s:28:29:28:91":5,"s:29:6:29:Infinity":6,"s:30:6:30:Infinity":7,"s:31:6:31:Infinity":8,"s:32:6:32:Infinity":9,"s:33:6:33:Infinity":10,"s:36:31:36:66":11,"s:37:6:37:Infinity":12,"s:38:6:38:Infinity":13,"s:39:6:39:Infinity":14,"s:40:6:40:Infinity":15,"s:41:6:41:Infinity":16,"s:44:24:50:Infinity":17,"b:49:36:49:52:49:52:49:Infinity":0,"s:51:4:51:Infinity":18,"b:54:4:66:Infinity:undefined:undefined:undefined:undefined":1,"s:54:4:66:Infinity":19,"s:55:6:66:Infinity":20,"s:56:30:56:66":21,"s:57:31:57:Infinity":22,"s:58:8:60:Infinity":23,"s:59:10:59:Infinity":24,"b:63:8:64:Infinity:undefined:undefined:undefined:undefined":2,"s:63:8:64:Infinity":25,"s:64:10:64:Infinity":26,"s:71:4:78:Infinity":27,"b:75:101:75:127:75:127:75:147":3,"s:80:4:83:Infinity":28,"f:87:22:87:39":2,"s:88:52:88:Infinity":29,"s:90:2:143:Infinity":30,"s:91:10:91:94":31,"s:92:19:92:95":32,"s:95:24:95:73":33,"s:96:4:99:Infinity":34,"s:97:6:97:Infinity":35,"s:98:6:98:Infinity":36,"s:103:10:103:Infinity":37,"b:103:53:103:66:103:66:103:71":4,"b:103:22:103:36:103:36:103:53":5,"s:104:20:104:58":38,"s:107:27:107:61":39,"b:108:4:110:Infinity:undefined:undefined:undefined:undefined":6,"s:108:4:110:Infinity":40,"s:109:28:109:72":41,"s:110:6:110:Infinity":42,"s:113:22:113:50":43,"s:114:24:114:Infinity":44,"s:116:18:116:Infinity":45,"b:117:4:120:Infinity:119:11:120:Infinity":7,"s:117:4:120:Infinity":46,"s:118:6:118:Infinity":47,"s:120:6:120:Infinity":48,"s:123:4:138:Infinity":49,"s:140:4:143:Infinity":50}}}
,"/home/reasnovynt/Projects/Dev/anovise/docsgrep/src/utils/constants.ts": {"path":"/home/reasnovynt/Projects/Dev/anovise/docsgrep/src/utils/constants.ts","statementMap":{"0":{"start":{"line":4,"column":34},"end":{"line":4,"column":null}},"1":{"start":{"line":5,"column":41},"end":{"line":5,"column":null}},"2":{"start":{"line":6,"column":36},"end":{"line":6,"column":null}},"3":{"start":{"line":7,"column":34},"end":{"line":7,"column":null}},"4":{"start":{"line":8,"column":30},"end":{"line":8,"column":null}},"5":{"start":{"line":9,"column":33},"end":{"line":9,"column":null}},"6":{"start":{"line":10,"column":34},"end":{"line":10,"column":null}}},"fnMap":{},"branchMap":{},"s":{"0":2,"1":2,"2":2,"3":2,"4":2,"5":2,"6":2},"f":{},"b":{},"meta":{"lastBranch":0,"lastFunction":0,"lastStatement":7,"seen":{"s:4:34:4:Infinity":0,"s:5:41:5:Infinity":1,"s:6:36:6:Infinity":2,"s:7:34:7:Infinity":3,"s:8:30:8:Infinity":4,"s:9:33:9:Infinity":5,"s:10:34:10:Infinity":6}}}
,"/home/reasnovynt/Projects/Dev/anovise/docsgrep/src/utils/file.ts": {"path":"/home/reasnovynt/Projects/Dev/anovise/docsgrep/src/utils/file.ts","statementMap":{"0":{"start":{"line":11,"column":2},"end":{"line":12,"column":null}},"1":{"start":{"line":11,"column":15},"end":{"line":11,"column":18}},"2":{"start":{"line":12,"column":4},"end":{"line":12,"column":null}},"3":{"start":{"line":12,"column":26},"end":{"line":12,"column":null}},"4":{"start":{"line":14,"column":2},"end":{"line":14,"column":null}},"5":{"start":{"line":22,"column":8},"end":{"line":22,"column":70}},"6":{"start":{"line":23,"column":13},"end":{"line":26,"column":4}},"7":{"start":{"line":28,"column":16},"end":{"line":28,"column":null}},"8":{"start":{"line":29,"column":18},"end":{"line":29,"column":null}},"9":{"start":{"line":30,"column":26},"end":{"line":30,"column":28}},"10":{"start":{"line":32,"column":2},"end":{"line":38,"column":null}},"11":{"start":{"line":33,"column":28},"end":{"line":33,"column":null}},"12":{"start":{"line":34,"column":4},"end":{"line":35,"column":null}},"13":{"start":{"line":35,"column":6},"end":{"line":35,"column":null}},"14":{"start":{"line":37,"column":4},"end":{"line":37,"column":null}},"15":{"start":{"line":38,"column":4},"end":{"line":38,"column":null}},"16":{"start":{"line":41,"column":2},"end":{"line":41,"column":null}},"17":{"start":{"line":43,"column":2},"end":{"line":46,"column":null}},"18":{"start":{"line":50,"column":18},"end":{"line":50,"column":null}},"19":{"start":{"line":51,"column":2},"end":{"line":62,"column":null}},"20":{"start":{"line":52,"column":20},"end":{"line":52,"column":70}},"21":{"start":{"line":53,"column":4},"end":{"line":59,"column":null}},"22":{"start":{"line":54,"column":23},"end":{"line":54,"column":53}},"23":{"start":{"line":55,"column":6},"end":{"line":59,"column":null}},"24":{"start":{"line":56,"column":8},"end":{"line":56,"column":null}},"25":{"start":{"line":58,"column":21},"end":{"line":58,"column":44}},"26":{"start":{"line":59,"column":8},"end":{"line":59,"column":null}},"27":{"start":{"line":65,"column":2},"end":{"line":65,"column":null}},"28":{"start":{"line":72,"column":28},"end":{"line":72,"column":30}},"29":{"start":{"line":73,"column":2},"end":{"line":89,"column":null}},"30":{"start":{"line":74,"column":20},"end":{"line":74,"column":70}},"31":{"start":{"line":75,"column":16},"end":{"line":75,"column":26}},"32":{"start":{"line":76,"column":4},"end":{"line":85,"column":null}},"33":{"start":{"line":77,"column":6},"end":{"line":77,"column":null}},"34":{"start":{"line":77,"column":32},"end":{"line":77,"column":null}},"35":{"start":{"line":78,"column":23},"end":{"line":78,"column":53}},"36":{"start":{"line":79,"column":6},"end":{"line":85,"column":null}},"37":{"start":{"line":80,"column":21},"end":{"line":80,"column":44}},"38":{"start":{"line":81,"column":8},"end":{"line":83,"column":null}},"39":{"start":{"line":82,"column":10},"end":{"line":82,"column":null}},"40":{"start":{"line":83,"column":10},"end":{"line":83,"column":null}},"41":{"start":{"line":92,"column":2},"end":{"line":92,"column":null}}},"fnMap":{"0":{"name":"isBinaryFile","decl":{"start":{"line":9,"column":16},"end":{"line":9,"column":29}},"loc":{"start":{"line":9,"column":55},"end":{"line":14,"column":null}},"line":9},"1":{"name":"streamReadFile","decl":{"start":{"line":18,"column":22},"end":{"line":18,"column":null}},"loc":{"start":{"line":21,"column":51},"end":{"line":46,"column":null}},"line":21},"2":{"name":"getCacheSize","decl":{"start":{"line":49,"column":22},"end":{"line":49,"column":35}},"loc":{"start":{"line":49,"column":69},"end":{"line":65,"column":null}},"line":49},"3":{"name":"cleanupCache","decl":{"start":{"line":68,"column":22},"end":{"line":68,"column":null}},"loc":{"start":{"line":71,"column":21},"end":{"line":92,"column":null}},"line":71}},"branchMap":{"0":{"loc":{"start":{"line":12,"column":4},"end":{"line":12,"column":null}},"type":"if","locations":[{"start":{"line":12,"column":4},"end":{"line":12,"column":null}},{"start":{},"end":{}}],"line":12},"1":{"loc":{"start":{"line":34,"column":4},"end":{"line":35,"column":null}},"type":"if","locations":[{"start":{"line":34,"column":4},"end":{"line":35,"column":null}},{"start":{},"end":{}}],"line":34},"2":{"loc":{"start":{"line":55,"column":6},"end":{"line":59,"column":null}},"type":"if","locations":[{"start":{"line":55,"column":6},"end":{"line":59,"column":null}},{"start":{"line":57,"column":13},"end":{"line":59,"column":null}}],"line":55},"3":{"loc":{"start":{"line":70,"column":2},"end":{"line":70,"column":null}},"type":"default-arg","locations":[{"start":{"line":70,"column":21},"end":{"line":70,"column":null}}],"line":70},"4":{"loc":{"start":{"line":77,"column":6},"end":{"line":77,"column":null}},"type":"if","locations":[{"start":{"line":77,"column":6},"end":{"line":77,"column":null}},{"start":{},"end":{}}],"line":77},"5":{"loc":{"start":{"line":81,"column":8},"end":{"line":83,"column":null}},"type":"if","locations":[{"start":{"line":81,"column":8},"end":{"line":83,"column":null}},{"start":{},"end":{}}],"line":81}},"s":{"0":1,"1":1,"2":11,"3":0,"4":1,"5":0,"6":0,"7":0,"8":0,"9":0,"10":0,"11":0,"12":0,"13":0,"14":0,"15":0,"16":0,"17":0,"18":0,"19":0,"20":0,"21":0,"22":0,"23":0,"24":0,"25":0,"26":0,"27":0,"28":0,"29":0,"30":0,"31":0,"32":0,"33":0,"34":0,"35":0,"36":0,"37":0,"38":0,"39":0,"40":0,"41":0},"f":{"0":1,"1":0,"2":0,"3":0},"b":{"0":[0,11],"1":[0,0],"2":[0,0],"3":[0],"4":[0,0],"5":[0,0]},"meta":{"lastBranch":6,"lastFunction":4,"lastStatement":42,"seen":{"f:9:16:9:29":0,"s:11:2:12:Infinity":0,"s:11:15:11:18":1,"b:12:4:12:Infinity:undefined:undefined:undefined:undefined":0,"s:12:4:12:Infinity":2,"s:12:26:12:Infinity":3,"s:14:2:14:Infinity":4,"f:18:22:18:Infinity":1,"s:22:8:22:70":5,"s:23:13:26:4":6,"s:28:16:28:Infinity":7,"s:29:18:29:Infinity":8,"s:30:26:30:28":9,"s:32:2:38:Infinity":10,"s:33:28:33:Infinity":11,"b:34:4:35:Infinity:undefined:undefined:undefined:undefined":1,"s:34:4:35:Infinity":12,"s:35:6:35:Infinity":13,"s:37:4:37:Infinity":14,"s:38:4:38:Infinity":15,"s:41:2:41:Infinity":16,"s:43:2:46:Infinity":17,"f:49:22:49:35":2,"s:50:18:50:Infinity":18,"s:51:2:62:Infinity":19,"s:52:20:52:70":20,"s:53:4:59:Infinity":21,"s:54:23:54:53":22,"b:55:6:59:Infinity:57:13:59:Infinity":2,"s:55:6:59:Infinity":23,"s:56:8:56:Infinity":24,"s:58:21:58:44":25,"s:59:8:59:Infinity":26,"s:65:2:65:Infinity":27,"f:68:22:68:Infinity":3,"b:70:21:70:Infinity":3,"s:72:28:72:30":28,"s:73:2:89:Infinity":29,"s:74:20:74:70":30,"s:75:16:75:26":31,"s:76:4:85:Infinity":32,"b:77:6:77:Infinity:undefined:undefined:undefined:undefined":4,"s:77:6:77:Infinity":33,"s:77:32:77:Infinity":34,"s:78:23:78:53":35,"s:79:6:85:Infinity":36,"s:80:21:80:44":37,"b:81:8:83:Infinity:undefined:undefined:undefined:undefined":5,"s:81:8:83:Infinity":38,"s:82:10:82:Infinity":39,"s:83:10:83:Infinity":40,"s:92:2:92:Infinity":41}}}
,"/home/reasnovynt/Projects/Dev/anovise/docsgrep/src/utils/logger.ts": {"path":"/home/reasnovynt/Projects/Dev/anovise/docsgrep/src/utils/logger.ts","statementMap":{"0":{"start":{"line":8,"column":4},"end":{"line":8,"column":null}},"1":{"start":{"line":12,"column":4},"end":{"line":20,"column":null}},"2":{"start":{"line":24,"column":4},"end":{"line":32,"column":null}},"3":{"start":{"line":36,"column":4},"end":{"line":44,"column":null}},"4":{"start":{"line":48,"column":22},"end":{"line":48,"column":44}}},"fnMap":{"0":{"name":"(anonymous_0)","decl":{"start":{"line":7,"column":2},"end":{"line":7,"column":14}},"loc":{"start":{"line":7,"column":31},"end":{"line":8,"column":null}},"line":7},"1":{"name":"(anonymous_1)","decl":{"start":{"line":11,"column":2},"end":{"line":11,"column":7}},"loc":{"start":{"line":11,"column":58},"end":{"line":20,"column":null}},"line":11},"2":{"name":"(anonymous_2)","decl":{"start":{"line":23,"column":2},"end":{"line":23,"column":8}},"loc":{"start":{"line":23,"column":59},"end":{"line":32,"column":null}},"line":23},"3":{"name":"(anonymous_3)","decl":{"start":{"line":35,"column":2},"end":{"line":35,"column":7}},"loc":{"start":{"line":35,"column":58},"end":{"line":44,"column":null}},"line":35}},"branchMap":{},"s":{"0":1,"1":0,"2":0,"3":0,"4":1},"f":{"0":1,"1":0,"2":0,"3":0},"b":{},"meta":{"lastBranch":0,"lastFunction":4,"lastStatement":5,"seen":{"f:7:2:7:14":0,"s:8:4:8:Infinity":0,"f:11:2:11:7":1,"s:12:4:20:Infinity":1,"f:23:2:23:8":2,"s:24:4:32:Infinity":2,"f:35:2:35:7":3,"s:36:4:44:Infinity":3,"s:48:22:48:44":4}}}
,"/home/reasnovynt/Projects/Dev/anovise/docsgrep/src/utils/semaphore.ts": {"path":"/home/reasnovynt/Projects/Dev/anovise/docsgrep/src/utils/semaphore.ts","statementMap":{"0":{"start":{"line":6,"column":37},"end":{"line":6,"column":39}},"1":{"start":{"line":9,"column":4},"end":{"line":9,"column":null}},"2":{"start":{"line":13,"column":4},"end":{"line":15,"column":null}},"3":{"start":{"line":14,"column":6},"end":{"line":14,"column":null}},"4":{"start":{"line":15,"column":6},"end":{"line":15,"column":null}},"5":{"start":{"line":15,"column":19},"end":{"line":15,"column":33}},"6":{"start":{"line":18,"column":4},"end":{"line":23,"column":null}},"7":{"start":{"line":19,"column":6},"end":{"line":22,"column":null}},"8":{"start":{"line":20,"column":8},"end":{"line":20,"column":null}},"9":{"start":{"line":21,"column":8},"end":{"line":21,"column":null}},"10":{"start":{"line":21,"column":22},"end":{"line":21,"column":36}},"11":{"start":{"line":27,"column":4},"end":{"line":27,"column":null}},"12":{"start":{"line":28,"column":4},"end":{"line":30,"column":null}},"13":{"start":{"line":29,"column":19},"end":{"line":29,"column":37}},"14":{"start":{"line":30,"column":6},"end":{"line":30,"column":null}},"15":{"start":{"line":35,"column":32},"end":{"line":35,"column":48}}},"fnMap":{"0":{"name":"(anonymous_0)","decl":{"start":{"line":8,"column":2},"end":{"line":8,"column":14}},"loc":{"start":{"line":8,"column":31},"end":{"line":9,"column":null}},"line":8},"1":{"name":"(anonymous_1)","decl":{"start":{"line":12,"column":8},"end":{"line":12,"column":39}},"loc":{"start":{"line":12,"column":39},"end":{"line":23,"column":null}},"line":12},"2":{"name":"(anonymous_2)","decl":{"start":{"line":15,"column":6},"end":{"line":15,"column":19}},"loc":{"start":{"line":15,"column":19},"end":{"line":15,"column":33}},"line":15},"3":{"name":"(anonymous_3)","decl":{"start":{"line":18,"column":15},"end":{"line":18,"column":24}},"loc":{"start":{"line":18,"column":36},"end":{"line":23,"column":null}},"line":18},"4":{"name":"(anonymous_4)","decl":{"start":{"line":19,"column":17},"end":{"line":19,"column":28}},"loc":{"start":{"line":19,"column":28},"end":{"line":22,"column":null}},"line":19},"5":{"name":"(anonymous_5)","decl":{"start":{"line":21,"column":8},"end":{"line":21,"column":22}},"loc":{"start":{"line":21,"column":22},"end":{"line":21,"column":36}},"line":21},"6":{"name":"(anonymous_6)","decl":{"start":{"line":26,"column":2},"end":{"line":26,"column":10}},"loc":{"start":{"line":26,"column":26},"end":{"line":30,"column":null}},"line":26}},"branchMap":{"0":{"loc":{"start":{"line":13,"column":4},"end":{"line":15,"column":null}},"type":"if","locations":[{"start":{"line":13,"column":4},"end":{"line":15,"column":null}},{"start":{},"end":{}}],"line":13},"1":{"loc":{"start":{"line":28,"column":4},"end":{"line":30,"column":null}},"type":"if","locations":[{"start":{"line":28,"column":4},"end":{"line":30,"column":null}},{"start":{},"end":{}}],"line":28}},"s":{"0":1,"1":1,"2":0,"3":0,"4":0,"5":0,"6":0,"7":0,"8":0,"9":0,"10":0,"11":0,"12":0,"13":0,"14":0,"15":1},"f":{"0":1,"1":0,"2":0,"3":0,"4":0,"5":0,"6":0},"b":{"0":[0,0],"1":[0,0]},"meta":{"lastBranch":2,"lastFunction":7,"lastStatement":16,"seen":{"s:6:37:6:39":0,"f:8:2:8:14":0,"s:9:4:9:Infinity":1,"f:12:8:12:39":1,"b:13:4:15:Infinity:undefined:undefined:undefined:undefined":0,"s:13:4:15:Infinity":2,"s:14:6:14:Infinity":3,"s:15:6:15:Infinity":4,"f:15:6:15:19":2,"s:15:19:15:33":5,"s:18:4:23:Infinity":6,"f:18:15:18:24":3,"s:19:6:22:Infinity":7,"f:19:17:19:28":4,"s:20:8:20:Infinity":8,"s:21:8:21:Infinity":9,"f:21:8:21:22":5,"s:21:22:21:36":10,"f:26:2:26:10":6,"s:27:4:27:Infinity":11,"b:28:4:30:Infinity:undefined:undefined:undefined:undefined":1,"s:28:4:30:Infinity":12,"s:29:19:29:37":13,"s:30:6:30:Infinity":14,"s:35:32:35:48":15}}}
,"/home/reasnovynt/Projects/Dev/anovise/docsgrep/src/utils/validation.ts": {"path":"/home/reasnovynt/Projects/Dev/anovise/docsgrep/src/utils/validation.ts","statementMap":{"0":{"start":{"line":7,"column":2},"end":{"line":8,"column":null}},"1":{"start":{"line":8,"column":4},"end":{"line":8,"column":null}},"2":{"start":{"line":10,"column":2},"end":{"line":10,"column":null}},"3":{"start":{"line":14,"column":19},"end":{"line":14,"column":40}},"4":{"start":{"line":16,"column":21},"end":{"line":16,"column":44}},"5":{"start":{"line":17,"column":2},"end":{"line":20,"column":null}},"6":{"start":{"line":18,"column":35},"end":{"line":18,"column":59}},"7":{"start":{"line":19,"column":4},"end":{"line":20,"column":null}},"8":{"start":{"line":20,"column":6},"end":{"line":20,"column":null}},"9":{"start":{"line":23,"column":2},"end":{"line":23,"column":null}},"10":{"start":{"line":30,"column":2},"end":{"line":30,"column":null}}},"fnMap":{"0":{"name":"validateStringParam","decl":{"start":{"line":6,"column":16},"end":{"line":6,"column":36}},"loc":{"start":{"line":6,"column":79},"end":{"line":10,"column":null}},"line":6},"1":{"name":"validateDirPath","decl":{"start":{"line":13,"column":16},"end":{"line":13,"column":32}},"loc":{"start":{"line":13,"column":57},"end":{"line":23,"column":null}},"line":13},"2":{"name":"escapeRegex","decl":{"start":{"line":29,"column":16},"end":{"line":29,"column":28}},"loc":{"start":{"line":29,"column":52},"end":{"line":30,"column":null}},"line":29}},"branchMap":{"0":{"loc":{"start":{"line":7,"column":2},"end":{"line":8,"column":null}},"type":"if","locations":[{"start":{"line":7,"column":2},"end":{"line":8,"column":null}},{"start":{},"end":{}}],"line":7},"1":{"loc":{"start":{"line":7,"column":6},"end":{"line":7,"column":48}},"type":"binary-expr","locations":[{"start":{"line":7,"column":6},"end":{"line":7,"column":35}},{"start":{"line":7,"column":35},"end":{"line":7,"column":48}}],"line":7},"2":{"loc":{"start":{"line":17,"column":2},"end":{"line":20,"column":null}},"type":"if","locations":[{"start":{"line":17,"column":2},"end":{"line":20,"column":null}},{"start":{},"end":{}}],"line":17},"3":{"loc":{"start":{"line":19,"column":4},"end":{"line":20,"column":null}},"type":"if","locations":[{"start":{"line":19,"column":4},"end":{"line":20,"column":null}},{"start":{},"end":{}}],"line":19}},"s":{"0":10,"1":6,"2":4,"3":6,"4":6,"5":6,"6":1,"7":1,"8":0,"9":6,"10":0},"f":{"0":10,"1":6,"2":0},"b":{"0":[6,4],"1":[10,7],"2":[1,5],"3":[0,1]},"meta":{"lastBranch":4,"lastFunction":3,"lastStatement":11,"seen":{"f:6:16:6:36":0,"b:7:2:8:Infinity:undefined:undefined:undefined:undefined":0,"s:7:2:8:Infinity":0,"b:7:6:7:35:7:35:7:48":1,"s:8:4:8:Infinity":1,"s:10:2:10:Infinity":2,"f:13:16:13:32":1,"s:14:19:14:40":3,"s:16:21:16:44":4,"b:17:2:20:Infinity:undefined:undefined:undefined:undefined":2,"s:17:2:20:Infinity":5,"s:18:35:18:59":6,"b:19:4:20:Infinity:undefined:undefined:undefined:undefined":3,"s:19:4:20:Infinity":7,"s:20:6:20:Infinity":8,"s:23:2:23:Infinity":9,"f:29:16:29:28":2,"s:30:2:30:Infinity":10}}}
}
